[35m[1mScanning dependencies of target robot_projects_simulator[0m
[ 10%] [32mBuilding CXX object CMakeFiles/robot_projects_simulator.dir/src/simObject.cpp.o[0m
In file included from [01m[K/usr/include/c++/9/backward/strstream:50[m[K,
                 from [01m[K/home/nick/dev_ws/src/robot_projects_simulator/src/simObject.cpp:3[m[K:
[01m[K/usr/include/c++/9/backward/backward_warning.h:32:2:[m[K [01;35m[Kwarning: [m[K#warning This file includes at least one deprecated or antiquated header which may be removed without further notice at a future date. Please use a non-deprecated interface with equivalent functionality instead. For a listing of replacement headers and interfaces, consult the file backward_warning.h. To disable this warning use -Wno-deprecated. [[01;35m[K-Wcpp[m[K]
   32 | #[01;35m[Kwarning[m[K \
      |  [01;35m[K^~~~~~~[m[K
[01m[K/home/nick/dev_ws/src/robot_projects_simulator/src/simObject.cpp:[m[K In constructor ‘[01m[KSimObject::SimObject(SimObjectConfiguration, IPublisher*, ControlAffineSystem*)[m[K’:
[01m[K/home/nick/dev_ws/src/robot_projects_simulator/src/simObject.cpp:17:19:[m[K [01;31m[Kerror: [m[Kexpected ‘[01m[K{[m[K’ before ‘[01m[K;[m[K’ token
   17 |       period(3000)[01;31m[K;[m[K
      |                   [01;31m[K^[m[K
[01m[K/home/nick/dev_ws/src/robot_projects_simulator/src/simObject.cpp:15:45:[m[K [01;35m[Kwarning: [m[Kunused parameter ‘[01m[Kconf[m[K’ [[01;35m[K-Wunused-parameter[m[K]
   15 | SimObject::SimObject([01;35m[KSimObjectConfiguration conf[m[K, IPublisher * viz, ControlAffineSystem * dyn)
      |                      [01;35m[K~~~~~~~~~~~~~~~~~~~~~~~^~~~[m[K
[01m[K/home/nick/dev_ws/src/robot_projects_simulator/src/simObject.cpp:15:64:[m[K [01;35m[Kwarning: [m[Kunused parameter ‘[01m[Kviz[m[K’ [[01;35m[K-Wunused-parameter[m[K]
   15 | SimObject::SimObject(SimObjectConfiguration conf, [01;35m[KIPublisher * viz[m[K, ControlAffineSystem * dyn)
      |                                                   [01;35m[K~~~~~~~~~~~~~^~~[m[K
[01m[K/home/nick/dev_ws/src/robot_projects_simulator/src/simObject.cpp:15:91:[m[K [01;35m[Kwarning: [m[Kunused parameter ‘[01m[Kdyn[m[K’ [[01;35m[K-Wunused-parameter[m[K]
   15 | SimObject::SimObject(SimObjectConfiguration conf, IPublisher * viz, [01;35m[KControlAffineSystem * dyn[m[K)
      |                                                                     [01;35m[K~~~~~~~~~~~~~~~~~~~~~~^~~[m[K
[01m[K/home/nick/dev_ws/src/robot_projects_simulator/src/simObject.cpp:[m[K At global scope:
[01m[K/home/nick/dev_ws/src/robot_projects_simulator/src/simObject.cpp:17:19:[m[K [01;35m[Kwarning: [m[Kextra ‘[01m[K;[m[K’ [[01;35m[K-Wpedantic[m[K]
   17 |       period(3000)[01;35m[K;[m[K
      |                   [01;35m[K^[m[K
[01m[K/home/nick/dev_ws/src/robot_projects_simulator/src/simObject.cpp:18:15:[m[K [01;31m[Kerror: [m[Kexpected constructor, destructor, or type conversion before ‘[01m[K([m[K’ token
   18 |       lastCtrl[01;31m[K([m[KEigen::VectorXd::Zero(dynamics->dimU())),
      |               [01;31m[K^[m[K
make[2]: *** [CMakeFiles/robot_projects_simulator.dir/build.make:89: CMakeFiles/robot_projects_simulator.dir/src/simObject.cpp.o] Interrupt
make[1]: *** [CMakeFiles/Makefile2:107: CMakeFiles/robot_projects_simulator.dir/all] Interrupt
make: *** [Makefile:141: all] Interrupt
