[0.129s] Invoking command in '/home/nick/dev_ws/src/build/robot_projects_simulator': CMAKE_PREFIX_PATH=${CMAKE_PREFIX_PATH}:/opt/ros/foxy /usr/bin/cmake --build /home/nick/dev_ws/src/build/robot_projects_simulator -- -j4 -l4
[0.282s] [35m[1mScanning dependencies of target robot_projects_simulator[0m
[0.437s] [ 10%] [32mBuilding CXX object CMakeFiles/robot_projects_simulator.dir/src/simulation.cpp.o[0m
[0.439s] [ 20%] [32mBuilding CXX object CMakeFiles/robot_projects_simulator.dir/src/executables/simple_sim.cpp.o[0m
[10.162s] [ 30%] [32m[1mLinking CXX shared library librobot_projects_simulator.so[0m
[11.063s] [ 80%] Built target robot_projects_simulator
[11.095s] [35m[1mScanning dependencies of target simple_sim[0m
[11.199s] [ 90%] [32mBuilding CXX object CMakeFiles/simple_sim.dir/src/executables/simple_sim.cpp.o[0m
[18.096s] [100%] [32m[1mLinking CXX executable simple_sim[0m
[18.583s] [100%] Built target simple_sim
[18.633s] Invoked command in '/home/nick/dev_ws/src/build/robot_projects_simulator' returned '0': CMAKE_PREFIX_PATH=${CMAKE_PREFIX_PATH}:/opt/ros/foxy /usr/bin/cmake --build /home/nick/dev_ws/src/build/robot_projects_simulator -- -j4 -l4
[18.712s] Invoking command in '/home/nick/dev_ws/src/build/robot_projects_simulator': CMAKE_PREFIX_PATH=${CMAKE_PREFIX_PATH}:/opt/ros/foxy /usr/bin/cmake --install /home/nick/dev_ws/src/build/robot_projects_simulator
[18.740s] -- Install configuration: ""
[18.741s] -- Installing: /home/nick/dev_ws/src/install/robot_projects_simulator/lib/librobot_projects_simulator.so
[18.754s] -- Set runtime path of "/home/nick/dev_ws/src/install/robot_projects_simulator/lib/librobot_projects_simulator.so" to ""
[18.754s] -- Installing: /home/nick/dev_ws/src/install/robot_projects_simulator/lib/robot_projects_simulator/simple_sim
[18.758s] -- Set runtime path of "/home/nick/dev_ws/src/install/robot_projects_simulator/lib/robot_projects_simulator/simple_sim" to ""
[18.758s] -- Up-to-date: /home/nick/dev_ws/src/install/robot_projects_simulator/share/ament_index/resource_index/package_run_dependencies/robot_projects_simulator
[18.759s] -- Up-to-date: /home/nick/dev_ws/src/install/robot_projects_simulator/share/ament_index/resource_index/parent_prefix_path/robot_projects_simulator
[18.759s] -- Up-to-date: /home/nick/dev_ws/src/install/robot_projects_simulator/share/robot_projects_simulator/environment/ament_prefix_path.sh
[18.760s] -- Up-to-date: /home/nick/dev_ws/src/install/robot_projects_simulator/share/robot_projects_simulator/environment/ament_prefix_path.dsv
[18.761s] -- Up-to-date: /home/nick/dev_ws/src/install/robot_projects_simulator/share/robot_projects_simulator/environment/path.sh
[18.761s] -- Up-to-date: /home/nick/dev_ws/src/install/robot_projects_simulator/share/robot_projects_simulator/environment/path.dsv
[18.762s] -- Up-to-date: /home/nick/dev_ws/src/install/robot_projects_simulator/share/robot_projects_simulator/local_setup.bash
[18.762s] -- Up-to-date: /home/nick/dev_ws/src/install/robot_projects_simulator/share/robot_projects_simulator/local_setup.sh
[18.763s] -- Up-to-date: /home/nick/dev_ws/src/install/robot_projects_simulator/share/robot_projects_simulator/local_setup.zsh
[18.763s] -- Up-to-date: /home/nick/dev_ws/src/install/robot_projects_simulator/share/robot_projects_simulator/local_setup.dsv
[18.763s] -- Installing: /home/nick/dev_ws/src/install/robot_projects_simulator/share/robot_projects_simulator/package.dsv
[18.764s] -- Up-to-date: /home/nick/dev_ws/src/install/robot_projects_simulator/share/ament_index/resource_index/packages/robot_projects_simulator
[18.764s] -- Up-to-date: /home/nick/dev_ws/src/install/robot_projects_simulator/share/robot_projects_simulator/cmake/ament_cmake_export_dependencies-extras.cmake
[18.764s] -- Up-to-date: /home/nick/dev_ws/src/install/robot_projects_simulator/share/robot_projects_simulator/cmake/robot_projects_simulatorConfig.cmake
[18.764s] -- Up-to-date: /home/nick/dev_ws/src/install/robot_projects_simulator/share/robot_projects_simulator/cmake/robot_projects_simulatorConfig-version.cmake
[18.764s] -- Up-to-date: /home/nick/dev_ws/src/install/robot_projects_simulator/share/robot_projects_simulator/package.xml
[18.783s] Invoked command in '/home/nick/dev_ws/src/build/robot_projects_simulator' returned '0': CMAKE_PREFIX_PATH=${CMAKE_PREFIX_PATH}:/opt/ros/foxy /usr/bin/cmake --install /home/nick/dev_ws/src/build/robot_projects_simulator
