[35m[1mScanning dependencies of target robot_projects_simulator[0m
[ 10%] [32mBuilding CXX object CMakeFiles/robot_projects_simulator.dir/src/executables/simple_sim.cpp.o[0m
[ 20%] [32mBuilding CXX object CMakeFiles/robot_projects_simulator.dir/src/simObject.cpp.o[0m
[ 30%] [32mBuilding CXX object CMakeFiles/robot_projects_simulator.dir/src/simulation.cpp.o[0m
In file included from [01m[K/usr/include/c++/9/backward/strstream:50[m[K,
                 from [01m[K/home/nick/dev_ws/src/robot_projects_simulator/src/simObject.cpp:3[m[K:
[01m[K/usr/include/c++/9/backward/backward_warning.h:32:2:[m[K [01;35m[Kwarning: [m[K#warning This file includes at least one deprecated or antiquated header which may be removed without further notice at a future date. Please use a non-deprecated interface with equivalent functionality instead. For a listing of replacement headers and interfaces, consult the file backward_warning.h. To disable this warning use -Wno-deprecated. [[01;35m[K-Wcpp[m[K]
   32 | #[01;35m[Kwarning[m[K \
      |  [01;35m[K^~~~~~~[m[K
[01m[K/home/nick/dev_ws/src/robot_projects_simulator/src/simulation.cpp:[m[K In member function ‘[01m[Kvoid Simulation::addObject(SimObjectConfiguration, ControlAffineSystem*, IPublisher*)[m[K’:
[01m[K/home/nick/dev_ws/src/robot_projects_simulator/src/simulation.cpp:19:25:[m[K [01;31m[Kerror: [m[Kno matching function for call to ‘[01m[KSimObject::attachTf(std::shared_ptr<tf2_ros::Buffer>&)[m[K’
   19 |     obj->attachTf(buffer[01;31m[K)[m[K;
      |                         [01;31m[K^[m[K
In file included from [01m[K/home/nick/dev_ws/src/robot_projects_simulator/include/simulation.h:7[m[K,
                 from [01m[K/home/nick/dev_ws/src/robot_projects_simulator/src/simulation.cpp:1[m[K:
[01m[K/home/nick/dev_ws/src/robot_projects_simulator/include/simObject.h:49:10:[m[K [01;36m[Knote: [m[Kcandidate: ‘[01m[Kvoid SimObject::attachTf(std::shared_ptr<tf2_ros::Buffer>, rclcpp::Node::SharedPtr)[m[K’
   49 |     void [01;36m[KattachTf[m[K(std::shared_ptr<tf2_ros::Buffer>, Node::SharedPtr);
      |          [01;36m[K^~~~~~~~[m[K
[01m[K/home/nick/dev_ws/src/robot_projects_simulator/include/simObject.h:49:10:[m[K [01;36m[Knote: [m[K  candidate expects 2 arguments, 1 provided
make[2]: *** [CMakeFiles/robot_projects_simulator.dir/build.make:102: CMakeFiles/robot_projects_simulator.dir/src/simulation.cpp.o] Error 1
make[2]: *** Waiting for unfinished jobs....
make[1]: *** [CMakeFiles/Makefile2:107: CMakeFiles/robot_projects_simulator.dir/all] Error 2
make: *** [Makefile:141: all] Error 2
