[0.706s] Invoking command in '/home/nick/dev_ws/src/build/robot_projects_simulator': CMAKE_PREFIX_PATH=${CMAKE_PREFIX_PATH}:/opt/ros/foxy /usr/bin/cmake --build /home/nick/dev_ws/src/build/robot_projects_simulator -- -j4 -l4
[0.997s] [35m[1mScanning dependencies of target robot_projects_simulator[0m
[1.357s] [ 10%] [32mBuilding CXX object CMakeFiles/robot_projects_simulator.dir/src/executables/simple_sim.cpp.o[0m
[1.377s] [ 30%] [32mBuilding CXX object CMakeFiles/robot_projects_simulator.dir/src/simObject.cpp.o[0m
[1.383s] [ 30%] [32mBuilding CXX object CMakeFiles/robot_projects_simulator.dir/src/simulation.cpp.o[0m
[2.173s] In file included from [01m[K/usr/include/c++/9/backward/strstream:50[m[K,
[2.175s]                  from [01m[K/home/nick/dev_ws/src/robot_projects_simulator/src/simObject.cpp:3[m[K:
[2.177s] [01m[K/usr/include/c++/9/backward/backward_warning.h:32:2:[m[K [01;35m[Kwarning: [m[K#warning This file includes at least one deprecated or antiquated header which may be removed without further notice at a future date. Please use a non-deprecated interface with equivalent functionality instead. For a listing of replacement headers and interfaces, consult the file backward_warning.h. To disable this warning use -Wno-deprecated. [[01;35m[K-Wcpp[m[K]
[2.177s]    32 | #[01;35m[Kwarning[m[K \
[2.178s]       |  [01;35m[K^~~~~~~[m[K
[12.150s] In file included from [01m[K/home/nick/dev_ws/src/robot_projects_simulator/src/simObject.cpp:1[m[K:
[12.151s] [01m[K/home/nick/dev_ws/src/robot_projects_simulator/include/simObject.h:[m[K In constructor ‘[01m[KSimObject::SimObject(SimObjectConfiguration, IPublisher*, ControlAffineSystem*)[m[K’:
[12.151s] [01m[K/home/nick/dev_ws/src/robot_projects_simulator/include/simObject.h:38:12:[m[K [01;35m[Kwarning: [m[K‘[01m[KSimObject::name[m[K’ will be initialized after [[01;35m[K-Wreorder[m[K]
[12.151s]    38 |     string [01;35m[Kname[m[K;
[12.152s]       |            [01;35m[K^~~~[m[K
[12.152s] [01m[K/home/nick/dev_ws/src/robot_projects_simulator/include/simObject.h:34:18:[m[K [01;35m[Kwarning: [m[K  ‘[01m[KIPublisher* SimObject::visualizer[m[K’ [[01;35m[K-Wreorder[m[K]
[12.152s]    34 |     IPublisher * [01;35m[Kvisualizer[m[K;
[12.152s]       |                  [01;35m[K^~~~~~~~~~[m[K
[12.152s] [01m[K/home/nick/dev_ws/src/robot_projects_simulator/src/simObject.cpp:15:1:[m[K [01;35m[Kwarning: [m[K  when initialized here [[01;35m[K-Wreorder[m[K]
[12.153s]    15 | [01;35m[KSimObject[m[K::SimObject(SimObjectConfiguration conf, IPublisher * viz, ControlAffineSystem * dyn)
[12.153s]       | [01;35m[K^~~~~~~~~[m[K
[12.153s] In file included from [01m[K/home/nick/dev_ws/src/robot_projects_simulator/src/simObject.cpp:1[m[K:
[12.153s] [01m[K/home/nick/dev_ws/src/robot_projects_simulator/include/simObject.h:35:27:[m[K [01;35m[Kwarning: [m[K‘[01m[KSimObject::dynamics[m[K’ will be initialized after [[01;35m[K-Wreorder[m[K]
[12.154s]    35 |     ControlAffineSystem * [01;35m[Kdynamics[m[K;
[12.154s]       |                           [01;35m[K^~~~~~~~[m[K
[12.154s] [01m[K/home/nick/dev_ws/src/robot_projects_simulator/include/simObject.h:31:14:[m[K [01;35m[Kwarning: [m[K  ‘[01m[Krclcpp::Duration SimObject::period[m[K’ [[01;35m[K-Wreorder[m[K]
[12.154s]    31 |     Duration [01;35m[Kperiod[m[K;
[12.155s]       |              [01;35m[K^~~~~~[m[K
[12.155s] [01m[K/home/nick/dev_ws/src/robot_projects_simulator/src/simObject.cpp:15:1:[m[K [01;35m[Kwarning: [m[K  when initialized here [[01;35m[K-Wreorder[m[K]
[12.155s]    15 | [01;35m[KSimObject[m[K::SimObject(SimObjectConfiguration conf, IPublisher * viz, ControlAffineSystem * dyn)
[12.155s]       | [01;35m[K^~~~~~~~~[m[K
[12.155s] In file included from [01m[K/home/nick/dev_ws/src/robot_projects_simulator/src/simObject.cpp:1[m[K:
[12.156s] [01m[K/home/nick/dev_ws/src/robot_projects_simulator/include/simObject.h:31:14:[m[K [01;35m[Kwarning: [m[K‘[01m[KSimObject::period[m[K’ will be initialized after [[01;35m[K-Wreorder[m[K]
[12.156s]    31 |     Duration [01;35m[Kperiod[m[K;
[12.156s]       |              [01;35m[K^~~~~~[m[K
[12.156s] [01m[K/home/nick/dev_ws/src/robot_projects_simulator/include/simObject.h:29:21:[m[K [01;35m[Kwarning: [m[K  ‘[01m[KEigen::VectorXd SimObject::lastCtrl[m[K’ [[01;35m[K-Wreorder[m[K]
[12.157s]    29 |     Eigen::VectorXd [01;35m[KlastCtrl[m[K;
[12.157s]       |                     [01;35m[K^~~~~~~~[m[K
[12.157s] [01m[K/home/nick/dev_ws/src/robot_projects_simulator/src/simObject.cpp:15:1:[m[K [01;35m[Kwarning: [m[K  when initialized here [[01;35m[K-Wreorder[m[K]
[12.157s]    15 | [01;35m[KSimObject[m[K::SimObject(SimObjectConfiguration conf, IPublisher * viz, ControlAffineSystem * dyn)
[12.157s]       | [01;35m[K^~~~~~~~~[m[K
[16.316s] In file included from [01m[K/opt/ros/foxy/include/rclcpp/create_publisher.hpp:21[m[K,
[16.316s]                  from [01m[K/opt/ros/foxy/include/rclcpp/node_impl.hpp:39[m[K,
[16.316s]                  from [01m[K/opt/ros/foxy/include/rclcpp/node.hpp:1221[m[K,
[16.317s]                  from [01m[K/opt/ros/foxy/include/rclcpp/executors/single_threaded_executor.hpp:28[m[K,
[16.317s]                  from [01m[K/opt/ros/foxy/include/rclcpp/executors.hpp:22[m[K,
[16.317s]                  from [01m[K/opt/ros/foxy/include/rclcpp/rclcpp.hpp:146[m[K,
[16.317s]                  from [01m[K/home/nick/dev_ws/src/robot_projects_simulator/include/ipublisher.h:4[m[K,
[16.318s]                  from [01m[K/home/nick/dev_ws/src/robot_projects_simulator/include/simObject.h:4[m[K,
[16.318s]                  from [01m[K/home/nick/dev_ws/src/robot_projects_simulator/src/simObject.cpp:1[m[K:
[16.318s] /opt/ros/foxy/include/rclcpp/node_interfaces/get_node_topics_interface.hpp: In instantiation of ‘[01m[Kstd::shared_ptr<rclcpp::node_interfaces::NodeTopicsInterface> rclcpp::node_interfaces::get_node_topics_interface(NodeType&&) [with NodeType = std::shared_ptr<tf2_ros::Buffer>&; typename std::enable_if<rcpputils::is_pointer<T>::value, int>::type <anonymous> = 0][m[K’:
[16.318s] [01m[K/opt/ros/foxy/include/rclcpp/create_publisher.hpp:54:47:[m[K   required from ‘[01m[Kstd::shared_ptr<PublisherT> rclcpp::create_publisher(NodeT&, const string&, const rclcpp::QoS&, const rclcpp::PublisherOptionsWithAllocator<AllocatorT>&) [with MessageT = tf2_msgs::msg::TFMessage_<std::allocator<void> >; AllocatorT = std::allocator<void>; PublisherT = rclcpp::Publisher<tf2_msgs::msg::TFMessage_<std::allocator<void> > >; NodeT = std::shared_ptr<tf2_ros::Buffer>; std::string = std::__cxx11::basic_string<char>][m[K’
[16.319s] [01m[K/opt/ros/foxy/include/tf2_ros/transform_broadcaster.h:59:68:[m[K   required from ‘[01m[Ktf2_ros::TransformBroadcaster::TransformBroadcaster(NodeT&&, const rclcpp::QoS&, const rclcpp::PublisherOptionsWithAllocator<AllocatorT>&) [with NodeT = std::shared_ptr<tf2_ros::Buffer>&; AllocatorT = std::allocator<void>][m[K’
[16.319s] [01m[K/usr/include/c++/9/ext/new_allocator.h:147:4:[m[K   required from ‘[01m[Kvoid __gnu_cxx::new_allocator<_Tp>::construct(_Up*, _Args&& ...) [with _Up = tf2_ros::TransformBroadcaster; _Args = {std::shared_ptr<tf2_ros::Buffer>&}; _Tp = tf2_ros::TransformBroadcaster][m[K’
[16.319s] [01m[K/usr/include/c++/9/bits/alloc_traits.h:484:4:[m[K   required from ‘[01m[Kstatic void std::allocator_traits<std::allocator<_Tp1> >::construct(std::allocator_traits<std::allocator<_Tp1> >::allocator_type&, _Up*, _Args&& ...) [with _Up = tf2_ros::TransformBroadcaster; _Args = {std::shared_ptr<tf2_ros::Buffer>&}; _Tp = tf2_ros::TransformBroadcaster; std::allocator_traits<std::allocator<_Tp1> >::allocator_type = std::allocator<tf2_ros::TransformBroadcaster>][m[K’
[16.319s] [01m[K/usr/include/c++/9/bits/shared_ptr_base.h:548:39:[m[K   required from ‘[01m[Kstd::_Sp_counted_ptr_inplace<_Tp, _Alloc, _Lp>::_Sp_counted_ptr_inplace(_Alloc, _Args&& ...) [with _Args = {std::shared_ptr<tf2_ros::Buffer>&}; _Tp = tf2_ros::TransformBroadcaster; _Alloc = std::allocator<tf2_ros::TransformBroadcaster>; __gnu_cxx::_Lock_policy _Lp = __gnu_cxx::_S_atomic][m[K’
[16.320s] [01m[K/usr/include/c++/9/bits/shared_ptr_base.h:679:16:[m[K   required from ‘[01m[Kstd::__shared_count<_Lp>::__shared_count(_Tp*&, std::_Sp_alloc_shared_tag<_Alloc>, _Args&& ...) [with _Tp = tf2_ros::TransformBroadcaster; _Alloc = std::allocator<tf2_ros::TransformBroadcaster>; _Args = {std::shared_ptr<tf2_ros::Buffer>&}; __gnu_cxx::_Lock_policy _Lp = __gnu_cxx::_S_atomic][m[K’
[16.320s] [01m[K/usr/include/c++/9/bits/shared_ptr_base.h:1344:71:[m[K   required from ‘[01m[Kstd::__shared_ptr<_Tp, _Lp>::__shared_ptr(std::_Sp_alloc_shared_tag<_Tp>, _Args&& ...) [with _Alloc = std::allocator<tf2_ros::TransformBroadcaster>; _Args = {std::shared_ptr<tf2_ros::Buffer>&}; _Tp = tf2_ros::TransformBroadcaster; __gnu_cxx::_Lock_policy _Lp = __gnu_cxx::_S_atomic][m[K’
[16.320s] [01m[K/usr/include/c++/9/bits/shared_ptr.h:359:59:[m[K   required from ‘[01m[Kstd::shared_ptr<_Tp>::shared_ptr(std::_Sp_alloc_shared_tag<_Tp>, _Args&& ...) [with _Alloc = std::allocator<tf2_ros::TransformBroadcaster>; _Args = {std::shared_ptr<tf2_ros::Buffer>&}; _Tp = tf2_ros::TransformBroadcaster][m[K’
[16.320s] [01m[K/usr/include/c++/9/bits/shared_ptr.h:701:14:[m[K   required from ‘[01m[Kstd::shared_ptr<_Tp> std::allocate_shared(const _Alloc&, _Args&& ...) [with _Tp = tf2_ros::TransformBroadcaster; _Alloc = std::allocator<tf2_ros::TransformBroadcaster>; _Args = {std::shared_ptr<tf2_ros::Buffer>&}][m[K’
[16.321s] [01m[K/usr/include/c++/9/bits/shared_ptr.h:717:39:[m[K   required from ‘[01m[Kstd::shared_ptr<_Tp> std::make_shared(_Args&& ...) [with _Tp = tf2_ros::TransformBroadcaster; _Args = {std::shared_ptr<tf2_ros::Buffer>&}][m[K’
[16.321s] [01m[K/home/nick/dev_ws/src/robot_projects_simulator/src/simObject.cpp:67:70:[m[K   required from here
[16.321s] [01m[K/opt/ros/foxy/include/rclcpp/node_interfaces/get_node_topics_interface.hpp:75:56:[m[K [01;31m[Kerror: [m[Kno matching function for call to ‘[01m[Kget_node_topics_interface_from_pointer(std::shared_ptr<tf2_ros::Buffer>&)[m[K’
[16.321s]    75 |   return [01;31m[Kdetail::get_node_topics_interface_from_pointer(node)[m[K;
[16.322s]       |          [01;31m[K~~~~~~~~~~~~~~~~~~~~~~~~~~~~~~~~~~~~~~~~~~~~~~^~~~~~[m[K
[16.322s] [01m[K/opt/ros/foxy/include/rclcpp/node_interfaces/get_node_topics_interface.hpp:53:1:[m[K [01;36m[Knote: [m[Kcandidate: ‘[01m[Ktemplate<class NodeType, typename std::enable_if<rclcpp::node_interfaces::has_node_topics_interface<typename rcpputils::remove_pointer<T>::type>::value, int>::type <anonymous> > std::shared_ptr<rclcpp::node_interfaces::NodeTopicsInterface> rclcpp::node_interfaces::detail::get_node_topics_interface_from_pointer(NodeType)[m[K’
[16.322s]    53 | [01;36m[Kget_node_topics_interface_from_pointer[m[K(NodeType node_pointer)
[16.322s]       | [01;36m[K^~~~~~~~~~~~~~~~~~~~~~~~~~~~~~~~~~~~~~[m[K
[16.323s] [01m[K/opt/ros/foxy/include/rclcpp/node_interfaces/get_node_topics_interface.hpp:53:1:[m[K [01;36m[Knote: [m[K  template argument deduction/substitution failed:
[16.323s] [01m[K/opt/ros/foxy/include/rclcpp/node_interfaces/get_node_topics_interface.hpp:50:26:[m[K [01;31m[Kerror: [m[Kno type named ‘[01m[Ktype[m[K’ in ‘[01m[Kstruct std::enable_if<false, int>[m[K’
[16.323s]    50 |   >::value, int>::type = [01;31m[K0[m[K
[16.323s]       |                          [01;31m[K^[m[K
[19.297s] make[2]: *** [CMakeFiles/robot_projects_simulator.dir/build.make:89: CMakeFiles/robot_projects_simulator.dir/src/simObject.cpp.o] Error 1
[19.297s] make[1]: *** [CMakeFiles/Makefile2:107: CMakeFiles/robot_projects_simulator.dir/all] Error 2
[19.298s] make: *** [Makefile:141: all] Error 2
[19.304s] Invoked command in '/home/nick/dev_ws/src/build/robot_projects_simulator' returned '2': CMAKE_PREFIX_PATH=${CMAKE_PREFIX_PATH}:/opt/ros/foxy /usr/bin/cmake --build /home/nick/dev_ws/src/build/robot_projects_simulator -- -j4 -l4
