[0.053s] Invoking command in '/home/nick/dev_ws/src/build/robot_projects_simulator': CMAKE_PREFIX_PATH=${CMAKE_PREFIX_PATH}:/opt/ros/foxy /usr/bin/cmake --build /home/nick/dev_ws/src/build/robot_projects_simulator -- -j4 -l4
[0.185s] [35m[1mScanning dependencies of target robot_projects_simulator[0m
[0.288s] [ 10%] [32mBuilding CXX object CMakeFiles/robot_projects_simulator.dir/src/simulation.cpp.o[0m
[0.296s] [ 20%] [32mBuilding CXX object CMakeFiles/robot_projects_simulator.dir/src/simObject.cpp.o[0m
[0.327s] [ 30%] [32mBuilding CXX object CMakeFiles/robot_projects_simulator.dir/src/systems/simpleSE2.cpp.o[0m
[1.047s] In file included from [01m[K/usr/include/c++/9/backward/strstream:50[m[K,
[1.048s]                  from [01m[K/home/nick/dev_ws/src/robot_projects_simulator/src/simObject.cpp:3[m[K:
[1.048s] [01m[K/usr/include/c++/9/backward/backward_warning.h:32:2:[m[K [01;35m[Kwarning: [m[K#warning This file includes at least one deprecated or antiquated header which may be removed without further notice at a future date. Please use a non-deprecated interface with equivalent functionality instead. For a listing of replacement headers and interfaces, consult the file backward_warning.h. To disable this warning use -Wno-deprecated. [[01;35m[K-Wcpp[m[K]
[1.048s]    32 | #[01;35m[Kwarning[m[K \
[1.048s]       |  [01;35m[K^~~~~~~[m[K
[19.230s] [ 40%] [32m[1mLinking CXX shared library librobot_projects_simulator.so[0m
[20.202s] [ 80%] Built target robot_projects_simulator
[20.262s] [ 90%] [32m[1mLinking CXX executable simple_sim[0m
[20.844s] [100%] Built target simple_sim
[20.869s] Invoked command in '/home/nick/dev_ws/src/build/robot_projects_simulator' returned '0': CMAKE_PREFIX_PATH=${CMAKE_PREFIX_PATH}:/opt/ros/foxy /usr/bin/cmake --build /home/nick/dev_ws/src/build/robot_projects_simulator -- -j4 -l4
[20.982s] Invoking command in '/home/nick/dev_ws/src/build/robot_projects_simulator': CMAKE_PREFIX_PATH=${CMAKE_PREFIX_PATH}:/opt/ros/foxy /usr/bin/cmake --install /home/nick/dev_ws/src/build/robot_projects_simulator
[20.998s] -- Install configuration: ""
[21.000s] -- Installing: /home/nick/dev_ws/src/install/robot_projects_simulator/lib/librobot_projects_simulator.so
[21.016s] -- Set runtime path of "/home/nick/dev_ws/src/install/robot_projects_simulator/lib/librobot_projects_simulator.so" to ""
[21.017s] -- Installing: /home/nick/dev_ws/src/install/robot_projects_simulator/lib/robot_projects_simulator/simple_sim
[21.021s] -- Set runtime path of "/home/nick/dev_ws/src/install/robot_projects_simulator/lib/robot_projects_simulator/simple_sim" to ""
[21.021s] -- Up-to-date: /home/nick/dev_ws/src/install/robot_projects_simulator/share/ament_index/resource_index/package_run_dependencies/robot_projects_simulator
[21.021s] -- Up-to-date: /home/nick/dev_ws/src/install/robot_projects_simulator/share/ament_index/resource_index/parent_prefix_path/robot_projects_simulator
[21.022s] -- Up-to-date: /home/nick/dev_ws/src/install/robot_projects_simulator/share/robot_projects_simulator/environment/ament_prefix_path.sh
[21.022s] -- Up-to-date: /home/nick/dev_ws/src/install/robot_projects_simulator/share/robot_projects_simulator/environment/ament_prefix_path.dsv
[21.023s] -- Up-to-date: /home/nick/dev_ws/src/install/robot_projects_simulator/share/robot_projects_simulator/environment/path.sh
[21.023s] -- Up-to-date: /home/nick/dev_ws/src/install/robot_projects_simulator/share/robot_projects_simulator/environment/path.dsv
[21.023s] -- Up-to-date: /home/nick/dev_ws/src/install/robot_projects_simulator/share/robot_projects_simulator/local_setup.bash
[21.023s] -- Up-to-date: /home/nick/dev_ws/src/install/robot_projects_simulator/share/robot_projects_simulator/local_setup.sh
[21.027s] -- Up-to-date: /home/nick/dev_ws/src/install/robot_projects_simulator/share/robot_projects_simulator/local_setup.zsh
[21.027s] -- Up-to-date: /home/nick/dev_ws/src/install/robot_projects_simulator/share/robot_projects_simulator/local_setup.dsv
[21.027s] -- Installing: /home/nick/dev_ws/src/install/robot_projects_simulator/share/robot_projects_simulator/package.dsv
[21.028s] -- Up-to-date: /home/nick/dev_ws/src/install/robot_projects_simulator/share/ament_index/resource_index/packages/robot_projects_simulator
[21.029s] -- Up-to-date: /home/nick/dev_ws/src/install/robot_projects_simulator/share/robot_projects_simulator/cmake/ament_cmake_export_dependencies-extras.cmake
[21.029s] -- Up-to-date: /home/nick/dev_ws/src/install/robot_projects_simulator/share/robot_projects_simulator/cmake/robot_projects_simulatorConfig.cmake
[21.029s] -- Up-to-date: /home/nick/dev_ws/src/install/robot_projects_simulator/share/robot_projects_simulator/cmake/robot_projects_simulatorConfig-version.cmake
[21.029s] -- Up-to-date: /home/nick/dev_ws/src/install/robot_projects_simulator/share/robot_projects_simulator/package.xml
[21.037s] Invoked command in '/home/nick/dev_ws/src/build/robot_projects_simulator' returned '0': CMAKE_PREFIX_PATH=${CMAKE_PREFIX_PATH}:/opt/ros/foxy /usr/bin/cmake --install /home/nick/dev_ws/src/build/robot_projects_simulator
