[0.151s] Invoking command in '/home/nick/dev_ws/src/build/robot_projects_simulator': CMAKE_PREFIX_PATH=${CMAKE_PREFIX_PATH}:/opt/ros/foxy /usr/bin/cmake --build /home/nick/dev_ws/src/build/robot_projects_simulator -- -j4 -l4
[0.344s] [35m[1mScanning dependencies of target robot_projects_simulator[0m
[0.484s] [ 10%] [32mBuilding CXX object CMakeFiles/robot_projects_simulator.dir/src/simObject.cpp.o[0m
[1.481s] In file included from [01m[K/usr/include/c++/9/backward/strstream:50[m[K,
[1.481s]                  from [01m[K/home/nick/dev_ws/src/robot_projects_simulator/src/simObject.cpp:3[m[K:
[1.481s] [01m[K/usr/include/c++/9/backward/backward_warning.h:32:2:[m[K [01;35m[Kwarning: [m[K#warning This file includes at least one deprecated or antiquated header which may be removed without further notice at a future date. Please use a non-deprecated interface with equivalent functionality instead. For a listing of replacement headers and interfaces, consult the file backward_warning.h. To disable this warning use -Wno-deprecated. [[01;35m[K-Wcpp[m[K]
[1.481s]    32 | #[01;35m[Kwarning[m[K \
[1.482s]       |  [01;35m[K^~~~~~~[m[K
[13.490s] [ 20%] [32m[1mLinking CXX shared library librobot_projects_simulator.so[0m
[14.396s] [ 80%] Built target robot_projects_simulator
[14.460s] [ 90%] [32m[1mLinking CXX executable simple_sim[0m
[14.994s] [100%] Built target simple_sim
[15.053s] Invoked command in '/home/nick/dev_ws/src/build/robot_projects_simulator' returned '0': CMAKE_PREFIX_PATH=${CMAKE_PREFIX_PATH}:/opt/ros/foxy /usr/bin/cmake --build /home/nick/dev_ws/src/build/robot_projects_simulator -- -j4 -l4
[15.243s] Invoking command in '/home/nick/dev_ws/src/build/robot_projects_simulator': CMAKE_PREFIX_PATH=${CMAKE_PREFIX_PATH}:/opt/ros/foxy /usr/bin/cmake --install /home/nick/dev_ws/src/build/robot_projects_simulator
[15.275s] -- Install configuration: ""
[15.295s] -- Installing: /home/nick/dev_ws/src/install/robot_projects_simulator/lib/librobot_projects_simulator.so
[15.299s] -- Set runtime path of "/home/nick/dev_ws/src/install/robot_projects_simulator/lib/librobot_projects_simulator.so" to ""
[15.300s] -- Installing: /home/nick/dev_ws/src/install/robot_projects_simulator/lib/robot_projects_simulator/simple_sim
[15.300s] -- Set runtime path of "/home/nick/dev_ws/src/install/robot_projects_simulator/lib/robot_projects_simulator/simple_sim" to ""
[15.300s] -- Up-to-date: /home/nick/dev_ws/src/install/robot_projects_simulator/share/ament_index/resource_index/package_run_dependencies/robot_projects_simulator
[15.300s] -- Up-to-date: /home/nick/dev_ws/src/install/robot_projects_simulator/share/ament_index/resource_index/parent_prefix_path/robot_projects_simulator
[15.301s] -- Up-to-date: /home/nick/dev_ws/src/install/robot_projects_simulator/share/robot_projects_simulator/environment/ament_prefix_path.sh
[15.301s] -- Up-to-date: /home/nick/dev_ws/src/install/robot_projects_simulator/share/robot_projects_simulator/environment/ament_prefix_path.dsv
[15.301s] -- Up-to-date: /home/nick/dev_ws/src/install/robot_projects_simulator/share/robot_projects_simulator/environment/path.sh
[15.301s] -- Up-to-date: /home/nick/dev_ws/src/install/robot_projects_simulator/share/robot_projects_simulator/environment/path.dsv
[15.301s] -- Up-to-date: /home/nick/dev_ws/src/install/robot_projects_simulator/share/robot_projects_simulator/local_setup.bash
[15.302s] -- Up-to-date: /home/nick/dev_ws/src/install/robot_projects_simulator/share/robot_projects_simulator/local_setup.sh
[15.302s] -- Up-to-date: /home/nick/dev_ws/src/install/robot_projects_simulator/share/robot_projects_simulator/local_setup.zsh
[15.302s] -- Up-to-date: /home/nick/dev_ws/src/install/robot_projects_simulator/share/robot_projects_simulator/local_setup.dsv
[15.302s] -- Installing: /home/nick/dev_ws/src/install/robot_projects_simulator/share/robot_projects_simulator/package.dsv
[15.310s] -- Up-to-date: /home/nick/dev_ws/src/install/robot_projects_simulator/share/ament_index/resource_index/packages/robot_projects_simulator
[15.310s] -- Up-to-date: /home/nick/dev_ws/src/install/robot_projects_simulator/share/robot_projects_simulator/cmake/ament_cmake_export_dependencies-extras.cmake
[15.327s] -- Up-to-date: /home/nick/dev_ws/src/install/robot_projects_simulator/share/robot_projects_simulator/cmake/robot_projects_simulatorConfig.cmake
[15.328s] -- Up-to-date: /home/nick/dev_ws/src/install/robot_projects_simulator/share/robot_projects_simulator/cmake/robot_projects_simulatorConfig-version.cmake
[15.328s] -- Up-to-date: /home/nick/dev_ws/src/install/robot_projects_simulator/share/robot_projects_simulator/package.xml
[15.329s] Invoked command in '/home/nick/dev_ws/src/build/robot_projects_simulator' returned '0': CMAKE_PREFIX_PATH=${CMAKE_PREFIX_PATH}:/opt/ros/foxy /usr/bin/cmake --install /home/nick/dev_ws/src/build/robot_projects_simulator
