[2.137s] DEBUG:colcon:Command line arguments: ['/home/nick/.local/bin/colcon', 'build']
[2.137s] DEBUG:colcon:Parsed command line arguments: Namespace(ament_cmake_args=None, base_paths=['.'], build_base='build', catkin_cmake_args=None, catkin_skip_building_tests=False, cmake_args=None, cmake_clean_cache=False, cmake_clean_first=False, cmake_force_configure=False, cmake_target=None, cmake_target_skip_unavailable=False, continue_on_error=False, event_handlers=None, executor='parallel', ignore_user_meta=False, install_base='install', log_base=None, log_level=None, main=<bound method BuildVerb.main of <colcon_core.verb.build.BuildVerb object at 0x7fbdca2b1280>>, merge_install=False, metas=['./colcon.meta'], packages_above=None, packages_above_and_dependencies=None, packages_above_depth=None, packages_end=None, packages_ignore=None, packages_ignore_regex=None, packages_select=None, packages_select_build_failed=False, packages_select_by_dep=None, packages_select_regex=None, packages_select_test_failures=False, packages_skip=None, packages_skip_build_finished=False, packages_skip_by_dep=None, packages_skip_regex=None, packages_skip_test_passed=False, packages_skip_up_to=None, packages_start=None, packages_up_to=None, packages_up_to_regex=None, parallel_workers=4, paths=None, symlink_install=False, test_result_base=None, verb_extension=<colcon_core.verb.build.BuildVerb object at 0x7fbdca2b1280>, verb_name='build', verb_parser=<colcon_defaults.argument_parser.defaults.DefaultArgumentsDecorator object at 0x7fbdca2b17c0>)
[2.189s] Level 1:colcon.colcon_core.package_discovery:discover_packages(colcon_meta) check parameters
[2.190s] Level 1:colcon.colcon_core.package_discovery:discover_packages(recursive) check parameters
[2.190s] Level 1:colcon.colcon_core.package_discovery:discover_packages(ignore) check parameters
[2.190s] Level 1:colcon.colcon_core.package_discovery:discover_packages(path) check parameters
[2.190s] Level 1:colcon.colcon_core.package_discovery:discover_packages(colcon_meta) discover
[2.190s] Level 1:colcon.colcon_core.package_discovery:discover_packages(recursive) discover
[2.190s] INFO:colcon.colcon_core.package_discovery:Crawling recursively for packages in '/home/nick/dev_ws/src'
[2.190s] Level 1:colcon.colcon_core.package_identification:_identify(.) by extensions ['ignore', 'ignore_ament_install']
[2.191s] Level 1:colcon.colcon_core.package_identification:_identify(.) by extension 'ignore'
[2.191s] Level 1:colcon.colcon_core.package_identification:_identify(.) by extension 'ignore_ament_install'
[2.191s] Level 1:colcon.colcon_core.package_identification:_identify(.) by extensions ['colcon_pkg']
[2.191s] Level 1:colcon.colcon_core.package_identification:_identify(.) by extension 'colcon_pkg'
[2.192s] Level 1:colcon.colcon_core.package_identification:_identify(.) by extensions ['colcon_meta']
[2.192s] Level 1:colcon.colcon_core.package_identification:_identify(.) by extension 'colcon_meta'
[2.192s] Level 1:colcon.colcon_core.package_identification:_identify(.) by extensions ['ros']
[2.192s] Level 1:colcon.colcon_core.package_identification:_identify(.) by extension 'ros'
[2.216s] Level 1:colcon.colcon_core.package_identification:_identify(.) by extensions ['cmake', 'python']
[2.216s] Level 1:colcon.colcon_core.package_identification:_identify(.) by extension 'cmake'
[2.216s] Level 1:colcon.colcon_core.package_identification:_identify(.) by extension 'python'
[2.216s] Level 1:colcon.colcon_core.package_identification:_identify(.) by extensions ['python_setup_py']
[2.217s] Level 1:colcon.colcon_core.package_identification:_identify(.) by extension 'python_setup_py'
[2.217s] Level 1:colcon.colcon_core.package_identification:_identify(build) by extensions ['ignore', 'ignore_ament_install']
[2.217s] Level 1:colcon.colcon_core.package_identification:_identify(build) by extension 'ignore'
[2.217s] Level 1:colcon.colcon_core.package_identification:_identify(build) ignored
[2.218s] Level 1:colcon.colcon_core.package_identification:_identify(install) by extensions ['ignore', 'ignore_ament_install']
[2.218s] Level 1:colcon.colcon_core.package_identification:_identify(install) by extension 'ignore'
[2.218s] Level 1:colcon.colcon_core.package_identification:_identify(install) ignored
[2.219s] Level 1:colcon.colcon_core.package_identification:_identify(log) by extensions ['ignore', 'ignore_ament_install']
[2.219s] Level 1:colcon.colcon_core.package_identification:_identify(log) by extension 'ignore'
[2.219s] Level 1:colcon.colcon_core.package_identification:_identify(log) ignored
[2.219s] Level 1:colcon.colcon_core.package_identification:_identify(robot_projects_simulator) by extensions ['ignore', 'ignore_ament_install']
[2.219s] Level 1:colcon.colcon_core.package_identification:_identify(robot_projects_simulator) by extension 'ignore'
[2.219s] Level 1:colcon.colcon_core.package_identification:_identify(robot_projects_simulator) by extension 'ignore_ament_install'
[2.219s] Level 1:colcon.colcon_core.package_identification:_identify(robot_projects_simulator) by extensions ['colcon_pkg']
[2.220s] Level 1:colcon.colcon_core.package_identification:_identify(robot_projects_simulator) by extension 'colcon_pkg'
[2.220s] Level 1:colcon.colcon_core.package_identification:_identify(robot_projects_simulator) by extensions ['colcon_meta']
[2.220s] Level 1:colcon.colcon_core.package_identification:_identify(robot_projects_simulator) by extension 'colcon_meta'
[2.220s] Level 1:colcon.colcon_core.package_identification:_identify(robot_projects_simulator) by extensions ['ros']
[2.220s] Level 1:colcon.colcon_core.package_identification:_identify(robot_projects_simulator) by extension 'ros'
[2.225s] DEBUG:colcon.colcon_core.package_identification:Package 'robot_projects_simulator' with type 'ros.ament_cmake' and name 'robot_projects_simulator'
[2.226s] Level 1:colcon.colcon_core.package_discovery:discover_packages(recursive) using defaults
[2.226s] Level 1:colcon.colcon_core.package_discovery:discover_packages(ignore) discover
[2.226s] Level 1:colcon.colcon_core.package_discovery:discover_packages(ignore) using defaults
[2.226s] Level 1:colcon.colcon_core.package_discovery:discover_packages(path) discover
[2.226s] Level 1:colcon.colcon_core.package_discovery:discover_packages(path) using defaults
[2.450s] Level 5:colcon.colcon_core.verb:set package 'robot_projects_simulator' build argument 'cmake_args' from command line to 'None'
[2.450s] Level 5:colcon.colcon_core.verb:set package 'robot_projects_simulator' build argument 'cmake_target' from command line to 'None'
[2.450s] Level 5:colcon.colcon_core.verb:set package 'robot_projects_simulator' build argument 'cmake_target_skip_unavailable' from command line to 'False'
[2.450s] Level 5:colcon.colcon_core.verb:set package 'robot_projects_simulator' build argument 'cmake_clean_cache' from command line to 'False'
[2.450s] Level 5:colcon.colcon_core.verb:set package 'robot_projects_simulator' build argument 'cmake_clean_first' from command line to 'False'
[2.450s] Level 5:colcon.colcon_core.verb:set package 'robot_projects_simulator' build argument 'cmake_force_configure' from command line to 'False'
[2.450s] Level 5:colcon.colcon_core.verb:set package 'robot_projects_simulator' build argument 'ament_cmake_args' from command line to 'None'
[2.450s] Level 5:colcon.colcon_core.verb:set package 'robot_projects_simulator' build argument 'catkin_cmake_args' from command line to 'None'
[2.450s] Level 5:colcon.colcon_core.verb:set package 'robot_projects_simulator' build argument 'catkin_skip_building_tests' from command line to 'False'
[2.451s] DEBUG:colcon.colcon_core.verb:Building package 'robot_projects_simulator' with the following arguments: {'ament_cmake_args': None, 'build_base': '/home/nick/dev_ws/src/build/robot_projects_simulator', 'catkin_cmake_args': None, 'catkin_skip_building_tests': False, 'cmake_args': None, 'cmake_clean_cache': False, 'cmake_clean_first': False, 'cmake_force_configure': False, 'cmake_target': None, 'cmake_target_skip_unavailable': False, 'install_base': '/home/nick/dev_ws/src/install/robot_projects_simulator', 'merge_install': False, 'path': '/home/nick/dev_ws/src/robot_projects_simulator', 'symlink_install': False, 'test_result_base': None}
[2.456s] INFO:colcon.colcon_core.executor:Executing jobs using 'parallel' executor
[2.490s] DEBUG:colcon.colcon_parallel_executor.executor.parallel:run_until_complete
[2.491s] INFO:colcon.colcon_ros.task.ament_cmake.build:Building ROS package in '/home/nick/dev_ws/src/robot_projects_simulator' with build type 'ament_cmake'
[2.492s] INFO:colcon.colcon_cmake.task.cmake.build:Building CMake package in '/home/nick/dev_ws/src/robot_projects_simulator'
[2.521s] INFO:colcon.colcon_core.plugin_system:Skipping extension 'colcon_core.shell.bat': Not used on non-Windows systems
[2.521s] INFO:colcon.colcon_core.shell:Skip shell extension 'powershell' for command environment: Not usable outside of PowerShell
[2.522s] DEBUG:colcon.colcon_core.shell:Skip shell extension 'dsv' for command environment
[2.537s] DEBUG:colcon.colcon_core.shell:Ignoring prefix path '/opt/ros/foxy'
[3.288s] DEBUG:colcon.colcon_core.event_handler.log_command:Invoking command in '/home/nick/dev_ws/src/build/robot_projects_simulator': CMAKE_PREFIX_PATH=${CMAKE_PREFIX_PATH}:/opt/ros/foxy /usr/bin/cmake --build /home/nick/dev_ws/src/build/robot_projects_simulator -- -j4 -l4
[21.883s] DEBUG:colcon.colcon_core.event_handler.log_command:Invoked command in '/home/nick/dev_ws/src/build/robot_projects_simulator' returned '2': CMAKE_PREFIX_PATH=${CMAKE_PREFIX_PATH}:/opt/ros/foxy /usr/bin/cmake --build /home/nick/dev_ws/src/build/robot_projects_simulator -- -j4 -l4
[21.951s] Level 1:colcon.colcon_core.environment:create_environment_scripts_only(robot_projects_simulator)
[22.024s] Level 1:colcon.colcon_core.environment:checking '/home/nick/dev_ws/src/install/robot_projects_simulator' for CMake module files
[22.025s] Level 1:colcon.colcon_core.environment:checking '/home/nick/dev_ws/src/install/robot_projects_simulator' for CMake config files
[22.027s] Level 1:colcon.colcon_core.environment:checking '/home/nick/dev_ws/src/install/robot_projects_simulator/bin'
[22.027s] Level 1:colcon.colcon_core.environment:checking '/home/nick/dev_ws/src/install/robot_projects_simulator/lib/pkgconfig/robot_projects_simulator.pc'
[22.028s] Level 1:colcon.colcon_core.environment:checking '/home/nick/dev_ws/src/install/robot_projects_simulator/lib/python3.8/site-packages'
[22.038s] INFO:colcon.colcon_core.shell:Creating package script '/home/nick/dev_ws/src/install/robot_projects_simulator/share/robot_projects_simulator/package.ps1'
[22.048s] INFO:colcon.colcon_core.shell:Creating package descriptor '/home/nick/dev_ws/src/install/robot_projects_simulator/share/robot_projects_simulator/package.dsv'
[22.058s] INFO:colcon.colcon_core.shell:Creating package script '/home/nick/dev_ws/src/install/robot_projects_simulator/share/robot_projects_simulator/package.sh'
[22.062s] INFO:colcon.colcon_core.shell:Creating package script '/home/nick/dev_ws/src/install/robot_projects_simulator/share/robot_projects_simulator/package.bash'
[22.076s] INFO:colcon.colcon_core.shell:Creating package script '/home/nick/dev_ws/src/install/robot_projects_simulator/share/robot_projects_simulator/package.zsh'
[22.078s] Level 1:colcon.colcon_core.environment:create_file_with_runtime_dependencies(/home/nick/dev_ws/src/install/robot_projects_simulator/share/colcon-core/packages/robot_projects_simulator)
[22.090s] DEBUG:colcon.colcon_parallel_executor.executor.parallel:closing loop
[22.090s] DEBUG:colcon.colcon_parallel_executor.executor.parallel:loop closed
[22.091s] DEBUG:colcon.colcon_parallel_executor.executor.parallel:run_until_complete finished with '2'
[22.091s] DEBUG:colcon.colcon_core.event_reactor:joining thread
[22.146s] INFO:colcon.colcon_core.plugin_system:Skipping extension 'colcon_notification.desktop_notification.terminal_notifier': Not used on non-Darwin systems
[22.146s] INFO:colcon.colcon_core.plugin_system:Skipping extension 'colcon_notification.desktop_notification.win32': Not used on non-Windows systems
[22.147s] INFO:colcon.colcon_notification.desktop_notification:Sending desktop notification using 'notify2'
[22.248s] DEBUG:colcon.colcon_core.event_reactor:joined thread
[22.264s] INFO:colcon.colcon_core.shell:Creating prefix script '/home/nick/dev_ws/src/install/local_setup.ps1'
[22.268s] INFO:colcon.colcon_core.shell:Creating prefix util module '/home/nick/dev_ws/src/install/_local_setup_util_ps1.py'
[22.300s] INFO:colcon.colcon_core.shell:Creating prefix chain script '/home/nick/dev_ws/src/install/setup.ps1'
[22.312s] INFO:colcon.colcon_core.shell:Creating prefix script '/home/nick/dev_ws/src/install/local_setup.sh'
[22.324s] INFO:colcon.colcon_core.shell:Creating prefix util module '/home/nick/dev_ws/src/install/_local_setup_util_sh.py'
[22.326s] INFO:colcon.colcon_core.shell:Creating prefix chain script '/home/nick/dev_ws/src/install/setup.sh'
[22.342s] INFO:colcon.colcon_core.shell:Creating prefix script '/home/nick/dev_ws/src/install/local_setup.bash'
[22.347s] INFO:colcon.colcon_core.shell:Creating prefix chain script '/home/nick/dev_ws/src/install/setup.bash'
[22.358s] INFO:colcon.colcon_core.shell:Creating prefix script '/home/nick/dev_ws/src/install/local_setup.zsh'
[22.361s] INFO:colcon.colcon_core.shell:Creating prefix chain script '/home/nick/dev_ws/src/install/setup.zsh'
