[1.456s] DEBUG:colcon:Command line arguments: ['/home/nick/.local/bin/colcon', 'build']
[1.456s] DEBUG:colcon:Parsed command line arguments: Namespace(ament_cmake_args=None, base_paths=['.'], build_base='build', catkin_cmake_args=None, catkin_skip_building_tests=False, cmake_args=None, cmake_clean_cache=False, cmake_clean_first=False, cmake_force_configure=False, cmake_target=None, cmake_target_skip_unavailable=False, continue_on_error=False, event_handlers=None, executor='parallel', ignore_user_meta=False, install_base='install', log_base=None, log_level=None, main=<bound method BuildVerb.main of <colcon_core.verb.build.BuildVerb object at 0x7fa0743dd460>>, merge_install=False, metas=['./colcon.meta'], packages_above=None, packages_above_and_dependencies=None, packages_above_depth=None, packages_end=None, packages_ignore=None, packages_ignore_regex=None, packages_select=None, packages_select_build_failed=False, packages_select_by_dep=None, packages_select_regex=None, packages_select_test_failures=False, packages_skip=None, packages_skip_build_finished=False, packages_skip_by_dep=None, packages_skip_regex=None, packages_skip_test_passed=False, packages_skip_up_to=None, packages_start=None, packages_up_to=None, packages_up_to_regex=None, parallel_workers=4, paths=None, symlink_install=False, test_result_base=None, verb_extension=<colcon_core.verb.build.BuildVerb object at 0x7fa0743dd460>, verb_name='build', verb_parser=<colcon_defaults.argument_parser.defaults.DefaultArgumentsDecorator object at 0x7fa0743dd9a0>)
[1.544s] Level 1:colcon.colcon_core.package_discovery:discover_packages(colcon_meta) check parameters
[1.544s] Level 1:colcon.colcon_core.package_discovery:discover_packages(recursive) check parameters
[1.545s] Level 1:colcon.colcon_core.package_discovery:discover_packages(ignore) check parameters
[1.545s] Level 1:colcon.colcon_core.package_discovery:discover_packages(path) check parameters
[1.545s] Level 1:colcon.colcon_core.package_discovery:discover_packages(colcon_meta) discover
[1.545s] Level 1:colcon.colcon_core.package_discovery:discover_packages(recursive) discover
[1.545s] INFO:colcon.colcon_core.package_discovery:Crawling recursively for packages in '/home/nick/dev_ws/src'
[1.545s] Level 1:colcon.colcon_core.package_identification:_identify(.) by extensions ['ignore', 'ignore_ament_install']
[1.545s] Level 1:colcon.colcon_core.package_identification:_identify(.) by extension 'ignore'
[1.545s] Level 1:colcon.colcon_core.package_identification:_identify(.) by extension 'ignore_ament_install'
[1.546s] Level 1:colcon.colcon_core.package_identification:_identify(.) by extensions ['colcon_pkg']
[1.546s] Level 1:colcon.colcon_core.package_identification:_identify(.) by extension 'colcon_pkg'
[1.546s] Level 1:colcon.colcon_core.package_identification:_identify(.) by extensions ['colcon_meta']
[1.546s] Level 1:colcon.colcon_core.package_identification:_identify(.) by extension 'colcon_meta'
[1.546s] Level 1:colcon.colcon_core.package_identification:_identify(.) by extensions ['ros']
[1.546s] Level 1:colcon.colcon_core.package_identification:_identify(.) by extension 'ros'
[1.565s] Level 1:colcon.colcon_core.package_identification:_identify(.) by extensions ['cmake', 'python']
[1.565s] Level 1:colcon.colcon_core.package_identification:_identify(.) by extension 'cmake'
[1.565s] Level 1:colcon.colcon_core.package_identification:_identify(.) by extension 'python'
[1.566s] Level 1:colcon.colcon_core.package_identification:_identify(.) by extensions ['python_setup_py']
[1.566s] Level 1:colcon.colcon_core.package_identification:_identify(.) by extension 'python_setup_py'
[1.566s] Level 1:colcon.colcon_core.package_identification:_identify(build) by extensions ['ignore', 'ignore_ament_install']
[1.566s] Level 1:colcon.colcon_core.package_identification:_identify(build) by extension 'ignore'
[1.566s] Level 1:colcon.colcon_core.package_identification:_identify(build) ignored
[1.567s] Level 1:colcon.colcon_core.package_identification:_identify(install) by extensions ['ignore', 'ignore_ament_install']
[1.567s] Level 1:colcon.colcon_core.package_identification:_identify(install) by extension 'ignore'
[1.567s] Level 1:colcon.colcon_core.package_identification:_identify(install) ignored
[1.567s] Level 1:colcon.colcon_core.package_identification:_identify(log) by extensions ['ignore', 'ignore_ament_install']
[1.568s] Level 1:colcon.colcon_core.package_identification:_identify(log) by extension 'ignore'
[1.568s] Level 1:colcon.colcon_core.package_identification:_identify(log) ignored
[1.568s] Level 1:colcon.colcon_core.package_identification:_identify(robot_projects_simulator) by extensions ['ignore', 'ignore_ament_install']
[1.568s] Level 1:colcon.colcon_core.package_identification:_identify(robot_projects_simulator) by extension 'ignore'
[1.568s] Level 1:colcon.colcon_core.package_identification:_identify(robot_projects_simulator) by extension 'ignore_ament_install'
[1.569s] Level 1:colcon.colcon_core.package_identification:_identify(robot_projects_simulator) by extensions ['colcon_pkg']
[1.569s] Level 1:colcon.colcon_core.package_identification:_identify(robot_projects_simulator) by extension 'colcon_pkg'
[1.569s] Level 1:colcon.colcon_core.package_identification:_identify(robot_projects_simulator) by extensions ['colcon_meta']
[1.569s] Level 1:colcon.colcon_core.package_identification:_identify(robot_projects_simulator) by extension 'colcon_meta'
[1.569s] Level 1:colcon.colcon_core.package_identification:_identify(robot_projects_simulator) by extensions ['ros']
[1.569s] Level 1:colcon.colcon_core.package_identification:_identify(robot_projects_simulator) by extension 'ros'
[1.574s] DEBUG:colcon.colcon_core.package_identification:Package 'robot_projects_simulator' with type 'ros.ament_cmake' and name 'robot_projects_simulator'
[1.574s] Level 1:colcon.colcon_core.package_discovery:discover_packages(recursive) using defaults
[1.574s] Level 1:colcon.colcon_core.package_discovery:discover_packages(ignore) discover
[1.574s] Level 1:colcon.colcon_core.package_discovery:discover_packages(ignore) using defaults
[1.574s] Level 1:colcon.colcon_core.package_discovery:discover_packages(path) discover
[1.574s] Level 1:colcon.colcon_core.package_discovery:discover_packages(path) using defaults
[1.816s] Level 5:colcon.colcon_core.verb:set package 'robot_projects_simulator' build argument 'cmake_args' from command line to 'None'
[1.816s] Level 5:colcon.colcon_core.verb:set package 'robot_projects_simulator' build argument 'cmake_target' from command line to 'None'
[1.816s] Level 5:colcon.colcon_core.verb:set package 'robot_projects_simulator' build argument 'cmake_target_skip_unavailable' from command line to 'False'
[1.816s] Level 5:colcon.colcon_core.verb:set package 'robot_projects_simulator' build argument 'cmake_clean_cache' from command line to 'False'
[1.816s] Level 5:colcon.colcon_core.verb:set package 'robot_projects_simulator' build argument 'cmake_clean_first' from command line to 'False'
[1.817s] Level 5:colcon.colcon_core.verb:set package 'robot_projects_simulator' build argument 'cmake_force_configure' from command line to 'False'
[1.817s] Level 5:colcon.colcon_core.verb:set package 'robot_projects_simulator' build argument 'ament_cmake_args' from command line to 'None'
[1.817s] Level 5:colcon.colcon_core.verb:set package 'robot_projects_simulator' build argument 'catkin_cmake_args' from command line to 'None'
[1.817s] Level 5:colcon.colcon_core.verb:set package 'robot_projects_simulator' build argument 'catkin_skip_building_tests' from command line to 'False'
[1.817s] DEBUG:colcon.colcon_core.verb:Building package 'robot_projects_simulator' with the following arguments: {'ament_cmake_args': None, 'build_base': '/home/nick/dev_ws/src/build/robot_projects_simulator', 'catkin_cmake_args': None, 'catkin_skip_building_tests': False, 'cmake_args': None, 'cmake_clean_cache': False, 'cmake_clean_first': False, 'cmake_force_configure': False, 'cmake_target': None, 'cmake_target_skip_unavailable': False, 'install_base': '/home/nick/dev_ws/src/install/robot_projects_simulator', 'merge_install': False, 'path': '/home/nick/dev_ws/src/robot_projects_simulator', 'symlink_install': False, 'test_result_base': None}
[1.819s] INFO:colcon.colcon_core.executor:Executing jobs using 'parallel' executor
[1.837s] DEBUG:colcon.colcon_parallel_executor.executor.parallel:run_until_complete
[1.838s] INFO:colcon.colcon_ros.task.ament_cmake.build:Building ROS package in '/home/nick/dev_ws/src/robot_projects_simulator' with build type 'ament_cmake'
[1.838s] INFO:colcon.colcon_cmake.task.cmake.build:Building CMake package in '/home/nick/dev_ws/src/robot_projects_simulator'
[1.912s] INFO:colcon.colcon_core.plugin_system:Skipping extension 'colcon_core.shell.bat': Not used on non-Windows systems
[1.912s] INFO:colcon.colcon_core.shell:Skip shell extension 'powershell' for command environment: Not usable outside of PowerShell
[1.912s] DEBUG:colcon.colcon_core.shell:Skip shell extension 'dsv' for command environment
[1.952s] DEBUG:colcon.colcon_core.shell:Ignoring prefix path '/opt/ros/foxy'
[1.990s] DEBUG:colcon.colcon_core.event_handler.log_command:Invoking command in '/home/nick/dev_ws/src/build/robot_projects_simulator': CMAKE_PREFIX_PATH=${CMAKE_PREFIX_PATH}:/opt/ros/foxy /usr/bin/cmake --build /home/nick/dev_ws/src/build/robot_projects_simulator -- -j4 -l4
[16.892s] DEBUG:colcon.colcon_core.event_handler.log_command:Invoked command in '/home/nick/dev_ws/src/build/robot_projects_simulator' returned '0': CMAKE_PREFIX_PATH=${CMAKE_PREFIX_PATH}:/opt/ros/foxy /usr/bin/cmake --build /home/nick/dev_ws/src/build/robot_projects_simulator -- -j4 -l4
[17.082s] DEBUG:colcon.colcon_core.event_handler.log_command:Invoking command in '/home/nick/dev_ws/src/build/robot_projects_simulator': CMAKE_PREFIX_PATH=${CMAKE_PREFIX_PATH}:/opt/ros/foxy /usr/bin/cmake --install /home/nick/dev_ws/src/build/robot_projects_simulator
[17.160s] Level 1:colcon.colcon_core.environment:create_environment_scripts_only(robot_projects_simulator)
[17.168s] DEBUG:colcon.colcon_core.event_handler.log_command:Invoked command in '/home/nick/dev_ws/src/build/robot_projects_simulator' returned '0': CMAKE_PREFIX_PATH=${CMAKE_PREFIX_PATH}:/opt/ros/foxy /usr/bin/cmake --install /home/nick/dev_ws/src/build/robot_projects_simulator
[17.188s] Level 1:colcon.colcon_core.environment:checking '/home/nick/dev_ws/src/install/robot_projects_simulator' for CMake module files
[17.189s] Level 1:colcon.colcon_core.environment:checking '/home/nick/dev_ws/src/install/robot_projects_simulator' for CMake config files
[17.190s] Level 1:colcon.colcon_core.shell:create_environment_hook('robot_projects_simulator', 'cmake_prefix_path')
[17.197s] INFO:colcon.colcon_core.shell:Creating environment hook '/home/nick/dev_ws/src/install/robot_projects_simulator/share/robot_projects_simulator/hook/cmake_prefix_path.ps1'
[17.199s] INFO:colcon.colcon_core.shell:Creating environment descriptor '/home/nick/dev_ws/src/install/robot_projects_simulator/share/robot_projects_simulator/hook/cmake_prefix_path.dsv'
[17.200s] INFO:colcon.colcon_core.shell:Creating environment hook '/home/nick/dev_ws/src/install/robot_projects_simulator/share/robot_projects_simulator/hook/cmake_prefix_path.sh'
[17.202s] Level 1:colcon.colcon_core.environment:checking '/home/nick/dev_ws/src/install/robot_projects_simulator/lib'
[17.202s] Level 1:colcon.colcon_core.shell:create_environment_hook('robot_projects_simulator', 'ld_library_path_lib')
[17.211s] INFO:colcon.colcon_core.shell:Creating environment hook '/home/nick/dev_ws/src/install/robot_projects_simulator/share/robot_projects_simulator/hook/ld_library_path_lib.ps1'
[17.212s] INFO:colcon.colcon_core.shell:Creating environment descriptor '/home/nick/dev_ws/src/install/robot_projects_simulator/share/robot_projects_simulator/hook/ld_library_path_lib.dsv'
[17.213s] INFO:colcon.colcon_core.shell:Creating environment hook '/home/nick/dev_ws/src/install/robot_projects_simulator/share/robot_projects_simulator/hook/ld_library_path_lib.sh'
[17.214s] Level 1:colcon.colcon_core.environment:checking '/home/nick/dev_ws/src/install/robot_projects_simulator/bin'
[17.215s] Level 1:colcon.colcon_core.environment:checking '/home/nick/dev_ws/src/install/robot_projects_simulator/lib/pkgconfig/robot_projects_simulator.pc'
[17.215s] Level 1:colcon.colcon_core.environment:checking '/home/nick/dev_ws/src/install/robot_projects_simulator/lib/python3.8/site-packages'
[17.226s] INFO:colcon.colcon_core.shell:Creating package script '/home/nick/dev_ws/src/install/robot_projects_simulator/share/robot_projects_simulator/package.ps1'
[17.228s] INFO:colcon.colcon_core.shell:Creating package descriptor '/home/nick/dev_ws/src/install/robot_projects_simulator/share/robot_projects_simulator/package.dsv'
[17.230s] INFO:colcon.colcon_core.shell:Creating package script '/home/nick/dev_ws/src/install/robot_projects_simulator/share/robot_projects_simulator/package.sh'
[17.232s] INFO:colcon.colcon_core.shell:Creating package script '/home/nick/dev_ws/src/install/robot_projects_simulator/share/robot_projects_simulator/package.bash'
[17.234s] INFO:colcon.colcon_core.shell:Creating package script '/home/nick/dev_ws/src/install/robot_projects_simulator/share/robot_projects_simulator/package.zsh'
[17.236s] Level 1:colcon.colcon_core.environment:create_file_with_runtime_dependencies(/home/nick/dev_ws/src/install/robot_projects_simulator/share/colcon-core/packages/robot_projects_simulator)
[17.323s] Level 1:colcon.colcon_core.environment:create_environment_scripts_only(robot_projects_simulator)
[17.333s] Level 1:colcon.colcon_core.environment:checking '/home/nick/dev_ws/src/install/robot_projects_simulator' for CMake module files
[17.334s] Level 1:colcon.colcon_core.environment:checking '/home/nick/dev_ws/src/install/robot_projects_simulator' for CMake config files
[17.334s] Level 1:colcon.colcon_core.shell:create_environment_hook('robot_projects_simulator', 'cmake_prefix_path')
[17.342s] INFO:colcon.colcon_core.shell:Creating environment hook '/home/nick/dev_ws/src/install/robot_projects_simulator/share/robot_projects_simulator/hook/cmake_prefix_path.ps1'
[17.343s] INFO:colcon.colcon_core.shell:Creating environment descriptor '/home/nick/dev_ws/src/install/robot_projects_simulator/share/robot_projects_simulator/hook/cmake_prefix_path.dsv'
[17.344s] INFO:colcon.colcon_core.shell:Creating environment hook '/home/nick/dev_ws/src/install/robot_projects_simulator/share/robot_projects_simulator/hook/cmake_prefix_path.sh'
[17.345s] Level 1:colcon.colcon_core.environment:checking '/home/nick/dev_ws/src/install/robot_projects_simulator/lib'
[17.346s] Level 1:colcon.colcon_core.shell:create_environment_hook('robot_projects_simulator', 'ld_library_path_lib')
[17.353s] INFO:colcon.colcon_core.shell:Creating environment hook '/home/nick/dev_ws/src/install/robot_projects_simulator/share/robot_projects_simulator/hook/ld_library_path_lib.ps1'
[17.354s] INFO:colcon.colcon_core.shell:Creating environment descriptor '/home/nick/dev_ws/src/install/robot_projects_simulator/share/robot_projects_simulator/hook/ld_library_path_lib.dsv'
[17.355s] INFO:colcon.colcon_core.shell:Creating environment hook '/home/nick/dev_ws/src/install/robot_projects_simulator/share/robot_projects_simulator/hook/ld_library_path_lib.sh'
[17.356s] Level 1:colcon.colcon_core.environment:checking '/home/nick/dev_ws/src/install/robot_projects_simulator/bin'
[17.356s] Level 1:colcon.colcon_core.environment:checking '/home/nick/dev_ws/src/install/robot_projects_simulator/lib/pkgconfig/robot_projects_simulator.pc'
[17.356s] Level 1:colcon.colcon_core.environment:checking '/home/nick/dev_ws/src/install/robot_projects_simulator/lib/python3.8/site-packages'
[17.363s] INFO:colcon.colcon_core.shell:Creating package script '/home/nick/dev_ws/src/install/robot_projects_simulator/share/robot_projects_simulator/package.ps1'
[17.365s] INFO:colcon.colcon_core.shell:Creating package descriptor '/home/nick/dev_ws/src/install/robot_projects_simulator/share/robot_projects_simulator/package.dsv'
[17.366s] INFO:colcon.colcon_core.shell:Creating package script '/home/nick/dev_ws/src/install/robot_projects_simulator/share/robot_projects_simulator/package.sh'
[17.367s] INFO:colcon.colcon_core.shell:Creating package script '/home/nick/dev_ws/src/install/robot_projects_simulator/share/robot_projects_simulator/package.bash'
[17.368s] INFO:colcon.colcon_core.shell:Creating package script '/home/nick/dev_ws/src/install/robot_projects_simulator/share/robot_projects_simulator/package.zsh'
[17.369s] Level 1:colcon.colcon_core.environment:create_file_with_runtime_dependencies(/home/nick/dev_ws/src/install/robot_projects_simulator/share/colcon-core/packages/robot_projects_simulator)
[17.369s] DEBUG:colcon.colcon_parallel_executor.executor.parallel:closing loop
[17.371s] DEBUG:colcon.colcon_parallel_executor.executor.parallel:loop closed
[17.371s] DEBUG:colcon.colcon_parallel_executor.executor.parallel:run_until_complete finished with '0'
[17.371s] DEBUG:colcon.colcon_core.event_reactor:joining thread
[17.397s] INFO:colcon.colcon_core.plugin_system:Skipping extension 'colcon_notification.desktop_notification.terminal_notifier': Not used on non-Darwin systems
[17.397s] INFO:colcon.colcon_core.plugin_system:Skipping extension 'colcon_notification.desktop_notification.win32': Not used on non-Windows systems
[17.398s] INFO:colcon.colcon_notification.desktop_notification:Sending desktop notification using 'notify2'
[17.459s] DEBUG:colcon.colcon_core.event_reactor:joined thread
[17.476s] INFO:colcon.colcon_core.shell:Creating prefix script '/home/nick/dev_ws/src/install/local_setup.ps1'
[17.478s] INFO:colcon.colcon_core.shell:Creating prefix util module '/home/nick/dev_ws/src/install/_local_setup_util_ps1.py'
[17.488s] INFO:colcon.colcon_core.shell:Creating prefix chain script '/home/nick/dev_ws/src/install/setup.ps1'
[17.501s] INFO:colcon.colcon_core.shell:Creating prefix script '/home/nick/dev_ws/src/install/local_setup.sh'
[17.503s] INFO:colcon.colcon_core.shell:Creating prefix util module '/home/nick/dev_ws/src/install/_local_setup_util_sh.py'
[17.505s] INFO:colcon.colcon_core.shell:Creating prefix chain script '/home/nick/dev_ws/src/install/setup.sh'
[17.516s] INFO:colcon.colcon_core.shell:Creating prefix script '/home/nick/dev_ws/src/install/local_setup.bash'
[17.518s] INFO:colcon.colcon_core.shell:Creating prefix chain script '/home/nick/dev_ws/src/install/setup.bash'
[17.529s] INFO:colcon.colcon_core.shell:Creating prefix script '/home/nick/dev_ws/src/install/local_setup.zsh'
[17.530s] INFO:colcon.colcon_core.shell:Creating prefix chain script '/home/nick/dev_ws/src/install/setup.zsh'
