[0.060s] Invoking command in '/home/nick/dev_ws/src/build/robot_projects_simulator': CMAKE_PREFIX_PATH=${CMAKE_PREFIX_PATH}:/opt/ros/foxy /usr/bin/cmake --build /home/nick/dev_ws/src/build/robot_projects_simulator -- -j4 -l4
[0.216s] [35m[1mScanning dependencies of target robot_projects_simulator[0m
[0.387s] [ 10%] [32mBuilding CXX object CMakeFiles/robot_projects_simulator.dir/src/simObject.cpp.o[0m
[0.863s] In file included from [01m[K/usr/include/c++/9/backward/strstream:50[m[K,
[0.863s]                  from [01m[K/home/nick/dev_ws/src/robot_projects_simulator/src/simObject.cpp:3[m[K:
[0.863s] [01m[K/usr/include/c++/9/backward/backward_warning.h:32:2:[m[K [01;35m[Kwarning: [m[K#warning This file includes at least one deprecated or antiquated header which may be removed without further notice at a future date. Please use a non-deprecated interface with equivalent functionality instead. For a listing of replacement headers and interfaces, consult the file backward_warning.h. To disable this warning use -Wno-deprecated. [[01;35m[K-Wcpp[m[K]
[0.863s]    32 | #[01;35m[Kwarning[m[K \
[0.863s]       |  [01;35m[K^~~~~~~[m[K
[4.614s] [01m[K/home/nick/dev_ws/src/robot_projects_simulator/src/simObject.cpp:[m[K In constructor ‘[01m[KSimObject::SimObject(SimObjectConfiguration, IPublisher*, ControlAffineSystem*)[m[K’:
[4.614s] [01m[K/home/nick/dev_ws/src/robot_projects_simulator/src/simObject.cpp:18:53:[m[K [01;31m[Kerror: [m[Kno matching function for call to ‘[01m[Krclcpp::Duration::Duration()[m[K’
[4.615s]    18 |       name(conf.name), visualizer(viz), dynamics(dyn[01;31m[K)[m[K {
[4.615s]       |                                                     [01;31m[K^[m[K
[4.615s] In file included from [01m[K/opt/ros/foxy/include/rclcpp/qos.hpp:20[m[K,
[4.615s]                  from [01m[K/opt/ros/foxy/include/rclcpp/node_interfaces/node_graph_interface.hpp:31[m[K,
[4.615s]                  from [01m[K/opt/ros/foxy/include/rclcpp/client.hpp:34[m[K,
[4.616s]                  from [01m[K/opt/ros/foxy/include/rclcpp/callback_group.hpp:23[m[K,
[4.616s]                  from [01m[K/opt/ros/foxy/include/rclcpp/any_executable.hpp:20[m[K,
[4.616s]                  from [01m[K/opt/ros/foxy/include/rclcpp/memory_strategy.hpp:24[m[K,
[4.616s]                  from [01m[K/opt/ros/foxy/include/rclcpp/memory_strategies.hpp:18[m[K,
[4.617s]                  from [01m[K/opt/ros/foxy/include/rclcpp/executor_options.hpp:20[m[K,
[4.617s]                  from [01m[K/opt/ros/foxy/include/rclcpp/executor.hpp:33[m[K,
[4.617s]                  from [01m[K/opt/ros/foxy/include/rclcpp/executors/multi_threaded_executor.hpp:25[m[K,
[4.617s]                  from [01m[K/opt/ros/foxy/include/rclcpp/executors.hpp:21[m[K,
[4.617s]                  from [01m[K/opt/ros/foxy/include/rclcpp/rclcpp.hpp:146[m[K,
[4.617s]                  from [01m[K/home/nick/dev_ws/src/robot_projects_simulator/include/ipublisher.h:4[m[K,
[4.618s]                  from [01m[K/home/nick/dev_ws/src/robot_projects_simulator/include/simObject.h:4[m[K,
[4.618s]                  from [01m[K/home/nick/dev_ws/src/robot_projects_simulator/src/simObject.cpp:1[m[K:
[4.618s] [01m[K/opt/ros/foxy/include/rclcpp/duration.hpp:64:3:[m[K [01;36m[Knote: [m[Kcandidate: ‘[01m[Krclcpp::Duration::Duration(const rclcpp::Duration&)[m[K’
[4.618s]    64 |   [01;36m[KDuration[m[K(const Duration & rhs);
[4.618s]       |   [01;36m[K^~~~~~~~[m[K
[4.619s] [01m[K/opt/ros/foxy/include/rclcpp/duration.hpp:64:3:[m[K [01;36m[Knote: [m[K  candidate expects 1 argument, 0 provided
[4.619s] [01m[K/opt/ros/foxy/include/rclcpp/duration.hpp:62:12:[m[K [01;36m[Knote: [m[Kcandidate: ‘[01m[Krclcpp::Duration::Duration(const rcl_duration_t&)[m[K’
[4.619s]    62 |   explicit [01;36m[KDuration[m[K(const rcl_duration_t & duration);
[4.619s]       |            [01;36m[K^~~~~~~~[m[K
[4.619s] [01m[K/opt/ros/foxy/include/rclcpp/duration.hpp:62:12:[m[K [01;36m[Knote: [m[K  candidate expects 1 argument, 0 provided
[4.620s] [01m[K/opt/ros/foxy/include/rclcpp/duration.hpp:56:3:[m[K [01;36m[Knote: [m[Kcandidate: ‘[01m[Krclcpp::Duration::Duration(const Duration&)[m[K’
[4.620s]    56 |   [01;36m[KDuration[m[K(const builtin_interfaces::msg::Duration & duration_msg);  // NOLINT(runtime/explicit)
[4.620s]       |   [01;36m[K^~~~~~~~[m[K
[4.620s] [01m[K/opt/ros/foxy/include/rclcpp/duration.hpp:56:3:[m[K [01;36m[Knote: [m[K  candidate expects 1 argument, 0 provided
[4.620s] [01m[K/opt/ros/foxy/include/rclcpp/duration.hpp:51:3:[m[K [01;36m[Knote: [m[Kcandidate: ‘[01m[Ktemplate<class Rep, class Period> rclcpp::Duration::Duration(const std::chrono::duration<_Rep1, _Period1>&)[m[K’
[4.621s]    51 |   [01;36m[KDuration[m[K(const std::chrono::duration<Rep, Period> & duration)  // NOLINT(runtime/explicit)
[4.621s]       |   [01;36m[K^~~~~~~~[m[K
[4.621s] [01m[K/opt/ros/foxy/include/rclcpp/duration.hpp:51:3:[m[K [01;36m[Knote: [m[K  template argument deduction/substitution failed:
[4.621s] [01m[K/home/nick/dev_ws/src/robot_projects_simulator/src/simObject.cpp:18:53:[m[K [01;36m[Knote: [m[K  candidate expects 1 argument, 0 provided
[4.621s]    18 |       name(conf.name), visualizer(viz), dynamics(dyn[01;36m[K)[m[K {
[4.622s]       |                                                     [01;36m[K^[m[K
[4.622s] In file included from [01m[K/opt/ros/foxy/include/rclcpp/qos.hpp:20[m[K,
[4.622s]                  from [01m[K/opt/ros/foxy/include/rclcpp/node_interfaces/node_graph_interface.hpp:31[m[K,
[4.622s]                  from [01m[K/opt/ros/foxy/include/rclcpp/client.hpp:34[m[K,
[4.622s]                  from [01m[K/opt/ros/foxy/include/rclcpp/callback_group.hpp:23[m[K,
[4.623s]                  from [01m[K/opt/ros/foxy/include/rclcpp/any_executable.hpp:20[m[K,
[4.623s]                  from [01m[K/opt/ros/foxy/include/rclcpp/memory_strategy.hpp:24[m[K,
[4.623s]                  from [01m[K/opt/ros/foxy/include/rclcpp/memory_strategies.hpp:18[m[K,
[4.630s]                  from [01m[K/opt/ros/foxy/include/rclcpp/executor_options.hpp:20[m[K,
[4.631s]                  from [01m[K/opt/ros/foxy/include/rclcpp/executor.hpp:33[m[K,
[4.631s]                  from [01m[K/opt/ros/foxy/include/rclcpp/executors/multi_threaded_executor.hpp:25[m[K,
[4.631s]                  from [01m[K/opt/ros/foxy/include/rclcpp/executors.hpp:21[m[K,
[4.631s]                  from [01m[K/opt/ros/foxy/include/rclcpp/rclcpp.hpp:146[m[K,
[4.631s]                  from [01m[K/home/nick/dev_ws/src/robot_projects_simulator/include/ipublisher.h:4[m[K,
[4.631s]                  from [01m[K/home/nick/dev_ws/src/robot_projects_simulator/include/simObject.h:4[m[K,
[4.631s]                  from [01m[K/home/nick/dev_ws/src/robot_projects_simulator/src/simObject.cpp:1[m[K:
[4.632s] [01m[K/opt/ros/foxy/include/rclcpp/duration.hpp:45:12:[m[K [01;36m[Knote: [m[Kcandidate: ‘[01m[Krclcpp::Duration::Duration(std::chrono::nanoseconds)[m[K’
[4.632s]    45 |   explicit [01;36m[KDuration[m[K(std::chrono::nanoseconds nanoseconds);
[4.632s]       |            [01;36m[K^~~~~~~~[m[K
[4.632s] [01m[K/opt/ros/foxy/include/rclcpp/duration.hpp:45:12:[m[K [01;36m[Knote: [m[K  candidate expects 1 argument, 0 provided
[4.632s] [01m[K/opt/ros/foxy/include/rclcpp/duration.hpp:42:12:[m[K [01;36m[Knote: [m[Kcandidate: ‘[01m[Krclcpp::Duration::Duration(rcl_duration_value_t)[m[K’
[4.632s]    42 |   explicit [01;36m[KDuration[m[K(rcl_duration_value_t nanoseconds);
[4.632s]       |            [01;36m[K^~~~~~~~[m[K
[4.632s] [01m[K/opt/ros/foxy/include/rclcpp/duration.hpp:42:12:[m[K [01;36m[Knote: [m[K  candidate expects 1 argument, 0 provided
[4.632s] [01m[K/opt/ros/foxy/include/rclcpp/duration.hpp:39:3:[m[K [01;36m[Knote: [m[Kcandidate: ‘[01m[Krclcpp::Duration::Duration(int32_t, uint32_t)[m[K’
[4.633s]    39 |   [01;36m[KDuration[m[K(int32_t seconds, uint32_t nanoseconds);
[4.633s]       |   [01;36m[K^~~~~~~~[m[K
[4.633s] [01m[K/opt/ros/foxy/include/rclcpp/duration.hpp:39:3:[m[K [01;36m[Knote: [m[K  candidate expects 2 arguments, 0 provided
[7.451s] make[2]: *** [CMakeFiles/robot_projects_simulator.dir/build.make:89: CMakeFiles/robot_projects_simulator.dir/src/simObject.cpp.o] Error 1
[7.454s] make[1]: *** [CMakeFiles/Makefile2:107: CMakeFiles/robot_projects_simulator.dir/all] Error 2
[7.455s] make: *** [Makefile:141: all] Error 2
[7.458s] Invoked command in '/home/nick/dev_ws/src/build/robot_projects_simulator' returned '2': CMAKE_PREFIX_PATH=${CMAKE_PREFIX_PATH}:/opt/ros/foxy /usr/bin/cmake --build /home/nick/dev_ws/src/build/robot_projects_simulator -- -j4 -l4
