[0.800s] DEBUG:colcon:Command line arguments: ['/home/nick/.local/bin/colcon', 'build']
[0.801s] DEBUG:colcon:Parsed command line arguments: Namespace(ament_cmake_args=None, base_paths=['.'], build_base='build', catkin_cmake_args=None, catkin_skip_building_tests=False, cmake_args=None, cmake_clean_cache=False, cmake_clean_first=False, cmake_force_configure=False, cmake_target=None, cmake_target_skip_unavailable=False, continue_on_error=False, event_handlers=None, executor='parallel', ignore_user_meta=False, install_base='install', log_base=None, log_level=None, main=<bound method BuildVerb.main of <colcon_core.verb.build.BuildVerb object at 0x7fb35d4a1310>>, merge_install=False, metas=['./colcon.meta'], packages_above=None, packages_above_and_dependencies=None, packages_above_depth=None, packages_end=None, packages_ignore=None, packages_ignore_regex=None, packages_select=None, packages_select_build_failed=False, packages_select_by_dep=None, packages_select_regex=None, packages_select_test_failures=False, packages_skip=None, packages_skip_build_finished=False, packages_skip_by_dep=None, packages_skip_regex=None, packages_skip_test_passed=False, packages_skip_up_to=None, packages_start=None, packages_up_to=None, packages_up_to_regex=None, parallel_workers=4, paths=None, symlink_install=False, test_result_base=None, verb_extension=<colcon_core.verb.build.BuildVerb object at 0x7fb35d4a1310>, verb_name='build', verb_parser=<colcon_defaults.argument_parser.defaults.DefaultArgumentsDecorator object at 0x7fb35d4a1850>)
[0.828s] Level 1:colcon.colcon_core.package_discovery:discover_packages(colcon_meta) check parameters
[0.828s] Level 1:colcon.colcon_core.package_discovery:discover_packages(recursive) check parameters
[0.828s] Level 1:colcon.colcon_core.package_discovery:discover_packages(ignore) check parameters
[0.828s] Level 1:colcon.colcon_core.package_discovery:discover_packages(path) check parameters
[0.828s] Level 1:colcon.colcon_core.package_discovery:discover_packages(colcon_meta) discover
[0.829s] Level 1:colcon.colcon_core.package_discovery:discover_packages(recursive) discover
[0.829s] INFO:colcon.colcon_core.package_discovery:Crawling recursively for packages in '/home/nick/dev_ws/src'
[0.829s] Level 1:colcon.colcon_core.package_identification:_identify(.) by extensions ['ignore', 'ignore_ament_install']
[0.829s] Level 1:colcon.colcon_core.package_identification:_identify(.) by extension 'ignore'
[0.829s] Level 1:colcon.colcon_core.package_identification:_identify(.) by extension 'ignore_ament_install'
[0.830s] Level 1:colcon.colcon_core.package_identification:_identify(.) by extensions ['colcon_pkg']
[0.830s] Level 1:colcon.colcon_core.package_identification:_identify(.) by extension 'colcon_pkg'
[0.830s] Level 1:colcon.colcon_core.package_identification:_identify(.) by extensions ['colcon_meta']
[0.830s] Level 1:colcon.colcon_core.package_identification:_identify(.) by extension 'colcon_meta'
[0.830s] Level 1:colcon.colcon_core.package_identification:_identify(.) by extensions ['ros']
[0.830s] Level 1:colcon.colcon_core.package_identification:_identify(.) by extension 'ros'
[0.856s] Level 1:colcon.colcon_core.package_identification:_identify(.) by extensions ['cmake', 'python']
[0.856s] Level 1:colcon.colcon_core.package_identification:_identify(.) by extension 'cmake'
[0.856s] Level 1:colcon.colcon_core.package_identification:_identify(.) by extension 'python'
[0.856s] Level 1:colcon.colcon_core.package_identification:_identify(.) by extensions ['python_setup_py']
[0.856s] Level 1:colcon.colcon_core.package_identification:_identify(.) by extension 'python_setup_py'
[0.857s] Level 1:colcon.colcon_core.package_identification:_identify(build) by extensions ['ignore', 'ignore_ament_install']
[0.857s] Level 1:colcon.colcon_core.package_identification:_identify(build) by extension 'ignore'
[0.857s] Level 1:colcon.colcon_core.package_identification:_identify(build) ignored
[0.858s] Level 1:colcon.colcon_core.package_identification:_identify(install) by extensions ['ignore', 'ignore_ament_install']
[0.858s] Level 1:colcon.colcon_core.package_identification:_identify(install) by extension 'ignore'
[0.858s] Level 1:colcon.colcon_core.package_identification:_identify(install) ignored
[0.859s] Level 1:colcon.colcon_core.package_identification:_identify(log) by extensions ['ignore', 'ignore_ament_install']
[0.859s] Level 1:colcon.colcon_core.package_identification:_identify(log) by extension 'ignore'
[0.859s] Level 1:colcon.colcon_core.package_identification:_identify(log) ignored
[0.860s] Level 1:colcon.colcon_core.package_identification:_identify(robot_projects_simulator) by extensions ['ignore', 'ignore_ament_install']
[0.860s] Level 1:colcon.colcon_core.package_identification:_identify(robot_projects_simulator) by extension 'ignore'
[0.860s] Level 1:colcon.colcon_core.package_identification:_identify(robot_projects_simulator) by extension 'ignore_ament_install'
[0.860s] Level 1:colcon.colcon_core.package_identification:_identify(robot_projects_simulator) by extensions ['colcon_pkg']
[0.860s] Level 1:colcon.colcon_core.package_identification:_identify(robot_projects_simulator) by extension 'colcon_pkg'
[0.860s] Level 1:colcon.colcon_core.package_identification:_identify(robot_projects_simulator) by extensions ['colcon_meta']
[0.860s] Level 1:colcon.colcon_core.package_identification:_identify(robot_projects_simulator) by extension 'colcon_meta'
[0.861s] Level 1:colcon.colcon_core.package_identification:_identify(robot_projects_simulator) by extensions ['ros']
[0.861s] Level 1:colcon.colcon_core.package_identification:_identify(robot_projects_simulator) by extension 'ros'
[0.865s] DEBUG:colcon.colcon_core.package_identification:Package 'robot_projects_simulator' with type 'ros.ament_cmake' and name 'robot_projects_simulator'
[0.865s] Level 1:colcon.colcon_core.package_discovery:discover_packages(recursive) using defaults
[0.865s] Level 1:colcon.colcon_core.package_discovery:discover_packages(ignore) discover
[0.865s] Level 1:colcon.colcon_core.package_discovery:discover_packages(ignore) using defaults
[0.865s] Level 1:colcon.colcon_core.package_discovery:discover_packages(path) discover
[0.865s] Level 1:colcon.colcon_core.package_discovery:discover_packages(path) using defaults
[0.941s] Level 5:colcon.colcon_core.verb:set package 'robot_projects_simulator' build argument 'cmake_args' from command line to 'None'
[0.941s] Level 5:colcon.colcon_core.verb:set package 'robot_projects_simulator' build argument 'cmake_target' from command line to 'None'
[0.941s] Level 5:colcon.colcon_core.verb:set package 'robot_projects_simulator' build argument 'cmake_target_skip_unavailable' from command line to 'False'
[0.941s] Level 5:colcon.colcon_core.verb:set package 'robot_projects_simulator' build argument 'cmake_clean_cache' from command line to 'False'
[0.941s] Level 5:colcon.colcon_core.verb:set package 'robot_projects_simulator' build argument 'cmake_clean_first' from command line to 'False'
[0.941s] Level 5:colcon.colcon_core.verb:set package 'robot_projects_simulator' build argument 'cmake_force_configure' from command line to 'False'
[0.942s] Level 5:colcon.colcon_core.verb:set package 'robot_projects_simulator' build argument 'ament_cmake_args' from command line to 'None'
[0.942s] Level 5:colcon.colcon_core.verb:set package 'robot_projects_simulator' build argument 'catkin_cmake_args' from command line to 'None'
[0.942s] Level 5:colcon.colcon_core.verb:set package 'robot_projects_simulator' build argument 'catkin_skip_building_tests' from command line to 'False'
[0.942s] DEBUG:colcon.colcon_core.verb:Building package 'robot_projects_simulator' with the following arguments: {'ament_cmake_args': None, 'build_base': '/home/nick/dev_ws/src/build/robot_projects_simulator', 'catkin_cmake_args': None, 'catkin_skip_building_tests': False, 'cmake_args': None, 'cmake_clean_cache': False, 'cmake_clean_first': False, 'cmake_force_configure': False, 'cmake_target': None, 'cmake_target_skip_unavailable': False, 'install_base': '/home/nick/dev_ws/src/install/robot_projects_simulator', 'merge_install': False, 'path': '/home/nick/dev_ws/src/robot_projects_simulator', 'symlink_install': False, 'test_result_base': None}
[0.945s] INFO:colcon.colcon_core.executor:Executing jobs using 'parallel' executor
[0.970s] DEBUG:colcon.colcon_parallel_executor.executor.parallel:run_until_complete
[0.971s] INFO:colcon.colcon_ros.task.ament_cmake.build:Building ROS package in '/home/nick/dev_ws/src/robot_projects_simulator' with build type 'ament_cmake'
[0.971s] INFO:colcon.colcon_cmake.task.cmake.build:Building CMake package in '/home/nick/dev_ws/src/robot_projects_simulator'
[0.992s] INFO:colcon.colcon_core.plugin_system:Skipping extension 'colcon_core.shell.bat': Not used on non-Windows systems
[0.992s] INFO:colcon.colcon_core.shell:Skip shell extension 'powershell' for command environment: Not usable outside of PowerShell
[0.992s] DEBUG:colcon.colcon_core.shell:Skip shell extension 'dsv' for command environment
[1.003s] DEBUG:colcon.colcon_core.shell:Ignoring prefix path '/opt/ros/foxy'
[1.029s] DEBUG:colcon.colcon_core.event_handler.log_command:Invoking command in '/home/nick/dev_ws/src/build/robot_projects_simulator': CMAKE_PREFIX_PATH=${CMAKE_PREFIX_PATH}:/opt/ros/foxy /usr/bin/cmake --build /home/nick/dev_ws/src/build/robot_projects_simulator -- -j4 -l4
[21.849s] DEBUG:colcon.colcon_core.event_handler.log_command:Invoked command in '/home/nick/dev_ws/src/build/robot_projects_simulator' returned '0': CMAKE_PREFIX_PATH=${CMAKE_PREFIX_PATH}:/opt/ros/foxy /usr/bin/cmake --build /home/nick/dev_ws/src/build/robot_projects_simulator -- -j4 -l4
[21.958s] DEBUG:colcon.colcon_core.event_handler.log_command:Invoking command in '/home/nick/dev_ws/src/build/robot_projects_simulator': CMAKE_PREFIX_PATH=${CMAKE_PREFIX_PATH}:/opt/ros/foxy /usr/bin/cmake --install /home/nick/dev_ws/src/build/robot_projects_simulator
[22.009s] Level 1:colcon.colcon_core.environment:create_environment_scripts_only(robot_projects_simulator)
[22.013s] DEBUG:colcon.colcon_core.event_handler.log_command:Invoked command in '/home/nick/dev_ws/src/build/robot_projects_simulator' returned '0': CMAKE_PREFIX_PATH=${CMAKE_PREFIX_PATH}:/opt/ros/foxy /usr/bin/cmake --install /home/nick/dev_ws/src/build/robot_projects_simulator
[22.027s] Level 1:colcon.colcon_core.environment:checking '/home/nick/dev_ws/src/install/robot_projects_simulator' for CMake module files
[22.028s] Level 1:colcon.colcon_core.environment:checking '/home/nick/dev_ws/src/install/robot_projects_simulator' for CMake config files
[22.029s] Level 1:colcon.colcon_core.shell:create_environment_hook('robot_projects_simulator', 'cmake_prefix_path')
[22.040s] INFO:colcon.colcon_core.shell:Creating environment hook '/home/nick/dev_ws/src/install/robot_projects_simulator/share/robot_projects_simulator/hook/cmake_prefix_path.ps1'
[22.042s] INFO:colcon.colcon_core.shell:Creating environment descriptor '/home/nick/dev_ws/src/install/robot_projects_simulator/share/robot_projects_simulator/hook/cmake_prefix_path.dsv'
[22.044s] INFO:colcon.colcon_core.shell:Creating environment hook '/home/nick/dev_ws/src/install/robot_projects_simulator/share/robot_projects_simulator/hook/cmake_prefix_path.sh'
[22.047s] Level 1:colcon.colcon_core.environment:checking '/home/nick/dev_ws/src/install/robot_projects_simulator/lib'
[22.053s] Level 1:colcon.colcon_core.shell:create_environment_hook('robot_projects_simulator', 'ld_library_path_lib')
[22.068s] INFO:colcon.colcon_core.shell:Creating environment hook '/home/nick/dev_ws/src/install/robot_projects_simulator/share/robot_projects_simulator/hook/ld_library_path_lib.ps1'
[22.070s] INFO:colcon.colcon_core.shell:Creating environment descriptor '/home/nick/dev_ws/src/install/robot_projects_simulator/share/robot_projects_simulator/hook/ld_library_path_lib.dsv'
[22.071s] INFO:colcon.colcon_core.shell:Creating environment hook '/home/nick/dev_ws/src/install/robot_projects_simulator/share/robot_projects_simulator/hook/ld_library_path_lib.sh'
[22.071s] Level 1:colcon.colcon_core.environment:checking '/home/nick/dev_ws/src/install/robot_projects_simulator/bin'
[22.072s] Level 1:colcon.colcon_core.environment:checking '/home/nick/dev_ws/src/install/robot_projects_simulator/lib/pkgconfig/robot_projects_simulator.pc'
[22.072s] Level 1:colcon.colcon_core.environment:checking '/home/nick/dev_ws/src/install/robot_projects_simulator/lib/python3.8/site-packages'
[22.090s] INFO:colcon.colcon_core.shell:Creating package script '/home/nick/dev_ws/src/install/robot_projects_simulator/share/robot_projects_simulator/package.ps1'
[22.092s] INFO:colcon.colcon_core.shell:Creating package descriptor '/home/nick/dev_ws/src/install/robot_projects_simulator/share/robot_projects_simulator/package.dsv'
[22.095s] INFO:colcon.colcon_core.shell:Creating package script '/home/nick/dev_ws/src/install/robot_projects_simulator/share/robot_projects_simulator/package.sh'
[22.098s] INFO:colcon.colcon_core.shell:Creating package script '/home/nick/dev_ws/src/install/robot_projects_simulator/share/robot_projects_simulator/package.bash'
[22.100s] INFO:colcon.colcon_core.shell:Creating package script '/home/nick/dev_ws/src/install/robot_projects_simulator/share/robot_projects_simulator/package.zsh'
[22.102s] Level 1:colcon.colcon_core.environment:create_file_with_runtime_dependencies(/home/nick/dev_ws/src/install/robot_projects_simulator/share/colcon-core/packages/robot_projects_simulator)
[22.191s] Level 1:colcon.colcon_core.environment:create_environment_scripts_only(robot_projects_simulator)
[22.204s] Level 1:colcon.colcon_core.environment:checking '/home/nick/dev_ws/src/install/robot_projects_simulator' for CMake module files
[22.206s] Level 1:colcon.colcon_core.environment:checking '/home/nick/dev_ws/src/install/robot_projects_simulator' for CMake config files
[22.206s] Level 1:colcon.colcon_core.shell:create_environment_hook('robot_projects_simulator', 'cmake_prefix_path')
[22.215s] INFO:colcon.colcon_core.shell:Creating environment hook '/home/nick/dev_ws/src/install/robot_projects_simulator/share/robot_projects_simulator/hook/cmake_prefix_path.ps1'
[22.217s] INFO:colcon.colcon_core.shell:Creating environment descriptor '/home/nick/dev_ws/src/install/robot_projects_simulator/share/robot_projects_simulator/hook/cmake_prefix_path.dsv'
[22.218s] INFO:colcon.colcon_core.shell:Creating environment hook '/home/nick/dev_ws/src/install/robot_projects_simulator/share/robot_projects_simulator/hook/cmake_prefix_path.sh'
[22.219s] Level 1:colcon.colcon_core.environment:checking '/home/nick/dev_ws/src/install/robot_projects_simulator/lib'
[22.219s] Level 1:colcon.colcon_core.shell:create_environment_hook('robot_projects_simulator', 'ld_library_path_lib')
[22.228s] INFO:colcon.colcon_core.shell:Creating environment hook '/home/nick/dev_ws/src/install/robot_projects_simulator/share/robot_projects_simulator/hook/ld_library_path_lib.ps1'
[22.229s] INFO:colcon.colcon_core.shell:Creating environment descriptor '/home/nick/dev_ws/src/install/robot_projects_simulator/share/robot_projects_simulator/hook/ld_library_path_lib.dsv'
[22.230s] INFO:colcon.colcon_core.shell:Creating environment hook '/home/nick/dev_ws/src/install/robot_projects_simulator/share/robot_projects_simulator/hook/ld_library_path_lib.sh'
[22.231s] Level 1:colcon.colcon_core.environment:checking '/home/nick/dev_ws/src/install/robot_projects_simulator/bin'
[22.232s] Level 1:colcon.colcon_core.environment:checking '/home/nick/dev_ws/src/install/robot_projects_simulator/lib/pkgconfig/robot_projects_simulator.pc'
[22.232s] Level 1:colcon.colcon_core.environment:checking '/home/nick/dev_ws/src/install/robot_projects_simulator/lib/python3.8/site-packages'
[22.242s] INFO:colcon.colcon_core.shell:Creating package script '/home/nick/dev_ws/src/install/robot_projects_simulator/share/robot_projects_simulator/package.ps1'
[22.243s] INFO:colcon.colcon_core.shell:Creating package descriptor '/home/nick/dev_ws/src/install/robot_projects_simulator/share/robot_projects_simulator/package.dsv'
[22.245s] INFO:colcon.colcon_core.shell:Creating package script '/home/nick/dev_ws/src/install/robot_projects_simulator/share/robot_projects_simulator/package.sh'
[22.246s] INFO:colcon.colcon_core.shell:Creating package script '/home/nick/dev_ws/src/install/robot_projects_simulator/share/robot_projects_simulator/package.bash'
[22.247s] INFO:colcon.colcon_core.shell:Creating package script '/home/nick/dev_ws/src/install/robot_projects_simulator/share/robot_projects_simulator/package.zsh'
[22.250s] Level 1:colcon.colcon_core.environment:create_file_with_runtime_dependencies(/home/nick/dev_ws/src/install/robot_projects_simulator/share/colcon-core/packages/robot_projects_simulator)
[22.251s] DEBUG:colcon.colcon_parallel_executor.executor.parallel:closing loop
[22.252s] DEBUG:colcon.colcon_parallel_executor.executor.parallel:loop closed
[22.253s] DEBUG:colcon.colcon_parallel_executor.executor.parallel:run_until_complete finished with '0'
[22.253s] DEBUG:colcon.colcon_core.event_reactor:joining thread
[22.285s] INFO:colcon.colcon_core.plugin_system:Skipping extension 'colcon_notification.desktop_notification.terminal_notifier': Not used on non-Darwin systems
[22.285s] INFO:colcon.colcon_core.plugin_system:Skipping extension 'colcon_notification.desktop_notification.win32': Not used on non-Windows systems
[22.285s] INFO:colcon.colcon_notification.desktop_notification:Sending desktop notification using 'notify2'
[22.319s] DEBUG:colcon.colcon_core.event_reactor:joined thread
[22.326s] INFO:colcon.colcon_core.shell:Creating prefix script '/home/nick/dev_ws/src/install/local_setup.ps1'
[22.331s] INFO:colcon.colcon_core.shell:Creating prefix util module '/home/nick/dev_ws/src/install/_local_setup_util_ps1.py'
[22.337s] INFO:colcon.colcon_core.shell:Creating prefix chain script '/home/nick/dev_ws/src/install/setup.ps1'
[22.352s] INFO:colcon.colcon_core.shell:Creating prefix script '/home/nick/dev_ws/src/install/local_setup.sh'
[22.354s] INFO:colcon.colcon_core.shell:Creating prefix util module '/home/nick/dev_ws/src/install/_local_setup_util_sh.py'
[22.356s] INFO:colcon.colcon_core.shell:Creating prefix chain script '/home/nick/dev_ws/src/install/setup.sh'
[22.371s] INFO:colcon.colcon_core.shell:Creating prefix script '/home/nick/dev_ws/src/install/local_setup.bash'
[22.373s] INFO:colcon.colcon_core.shell:Creating prefix chain script '/home/nick/dev_ws/src/install/setup.bash'
[22.384s] INFO:colcon.colcon_core.shell:Creating prefix script '/home/nick/dev_ws/src/install/local_setup.zsh'
[22.386s] INFO:colcon.colcon_core.shell:Creating prefix chain script '/home/nick/dev_ws/src/install/setup.zsh'
