In file included from [01m[K/usr/include/c++/9/backward/strstream:50[m[K,
                 from [01m[K/home/nick/dev_ws/src/robot_projects_simulator/src/simObject.cpp:3[m[K:
[01m[K/usr/include/c++/9/backward/backward_warning.h:32:2:[m[K [01;35m[Kwarning: [m[K#warning This file includes at least one deprecated or antiquated header which may be removed without further notice at a future date. Please use a non-deprecated interface with equivalent functionality instead. For a listing of replacement headers and interfaces, consult the file backward_warning.h. To disable this warning use -Wno-deprecated. [[01;35m[K-Wcpp[m[K]
   32 | #[01;35m[Kwarning[m[K \
      |  [01;35m[K^~~~~~~[m[K
In file included from [01m[K/home/nick/dev_ws/src/robot_projects_simulator/src/systems/controlAffineSystem.cpp:1[m[K:
[01m[K/home/nick/dev_ws/src/robot_projects_simulator/include/systems/controlAffineSystem.h:31:13:[m[K [01;31m[Kerror: [m[K‘[01m[Kgeometry_msgs[m[K’ does not name a type
   31 |     virtual [01;31m[Kgeometry_msgs[m[K::msg::Transform getTransform() = 0;
      |             [01;31m[K^~~~~~~~~~~~~[m[K
make[2]: *** [CMakeFiles/robot_projects_simulator.dir/build.make:115: CMakeFiles/robot_projects_simulator.dir/src/systems/controlAffineSystem.cpp.o] Error 1
make[2]: *** Waiting for unfinished jobs....
In file included from [01m[K/home/nick/dev_ws/src/robot_projects_simulator/include/ipublisher.h:6[m[K,
                 from [01m[K/home/nick/dev_ws/src/robot_projects_simulator/include/simObject.h:4[m[K,
                 from [01m[K/home/nick/dev_ws/src/robot_projects_simulator/src/simObject.cpp:1[m[K:
[01m[K/home/nick/dev_ws/src/robot_projects_simulator/include/systems/controlAffineSystem.h:31:13:[m[K [01;31m[Kerror: [m[K‘[01m[Kgeometry_msgs[m[K’ does not name a type
   31 |     virtual [01;31m[Kgeometry_msgs[m[K::msg::Transform getTransform() = 0;
      |             [01;31m[K^~~~~~~~~~~~~[m[K
In file included from [01m[K/home/nick/dev_ws/src/robot_projects_simulator/src/simObject.cpp:1[m[K:
[01m[K/home/nick/dev_ws/src/robot_projects_simulator/include/simObject.h:[m[K In constructor ‘[01m[KSimObject::SimObject(SimObjectConfiguration, IPublisher*, ControlAffineSystem*)[m[K’:
[01m[K/home/nick/dev_ws/src/robot_projects_simulator/include/simObject.h:38:12:[m[K [01;35m[Kwarning: [m[K‘[01m[KSimObject::name[m[K’ will be initialized after [[01;35m[K-Wreorder[m[K]
   38 |     string [01;35m[Kname[m[K;
      |            [01;35m[K^~~~[m[K
[01m[K/home/nick/dev_ws/src/robot_projects_simulator/include/simObject.h:34:18:[m[K [01;35m[Kwarning: [m[K  ‘[01m[KIPublisher* SimObject::visualizer[m[K’ [[01;35m[K-Wreorder[m[K]
   34 |     IPublisher * [01;35m[Kvisualizer[m[K;
      |                  [01;35m[K^~~~~~~~~~[m[K
[01m[K/home/nick/dev_ws/src/robot_projects_simulator/src/simObject.cpp:15:1:[m[K [01;35m[Kwarning: [m[K  when initialized here [[01;35m[K-Wreorder[m[K]
   15 | [01;35m[KSimObject[m[K::SimObject(SimObjectConfiguration conf, IPublisher * viz, ControlAffineSystem * dyn)
      | [01;35m[K^~~~~~~~~[m[K
In file included from [01m[K/home/nick/dev_ws/src/robot_projects_simulator/src/simObject.cpp:1[m[K:
[01m[K/home/nick/dev_ws/src/robot_projects_simulator/include/simObject.h:35:27:[m[K [01;35m[Kwarning: [m[K‘[01m[KSimObject::dynamics[m[K’ will be initialized after [[01;35m[K-Wreorder[m[K]
   35 |     ControlAffineSystem * [01;35m[Kdynamics[m[K;
      |                           [01;35m[K^~~~~~~~[m[K
[01m[K/home/nick/dev_ws/src/robot_projects_simulator/include/simObject.h:31:14:[m[K [01;35m[Kwarning: [m[K  ‘[01m[Krclcpp::Duration SimObject::period[m[K’ [[01;35m[K-Wreorder[m[K]
   31 |     Duration [01;35m[Kperiod[m[K;
      |              [01;35m[K^~~~~~[m[K
[01m[K/home/nick/dev_ws/src/robot_projects_simulator/src/simObject.cpp:15:1:[m[K [01;35m[Kwarning: [m[K  when initialized here [[01;35m[K-Wreorder[m[K]
   15 | [01;35m[KSimObject[m[K::SimObject(SimObjectConfiguration conf, IPublisher * viz, ControlAffineSystem * dyn)
      | [01;35m[K^~~~~~~~~[m[K
In file included from [01m[K/home/nick/dev_ws/src/robot_projects_simulator/src/simObject.cpp:1[m[K:
[01m[K/home/nick/dev_ws/src/robot_projects_simulator/include/simObject.h:31:14:[m[K [01;35m[Kwarning: [m[K‘[01m[KSimObject::period[m[K’ will be initialized after [[01;35m[K-Wreorder[m[K]
   31 |     Duration [01;35m[Kperiod[m[K;
      |              [01;35m[K^~~~~~[m[K
[01m[K/home/nick/dev_ws/src/robot_projects_simulator/include/simObject.h:29:21:[m[K [01;35m[Kwarning: [m[K  ‘[01m[KEigen::VectorXd SimObject::lastCtrl[m[K’ [[01;35m[K-Wreorder[m[K]
   29 |     Eigen::VectorXd [01;35m[KlastCtrl[m[K;
      |                     [01;35m[K^~~~~~~~[m[K
[01m[K/home/nick/dev_ws/src/robot_projects_simulator/src/simObject.cpp:15:1:[m[K [01;35m[Kwarning: [m[K  when initialized here [[01;35m[K-Wreorder[m[K]
   15 | [01;35m[KSimObject[m[K::SimObject(SimObjectConfiguration conf, IPublisher * viz, ControlAffineSystem * dyn)
      | [01;35m[K^~~~~~~~~[m[K
[01m[K/home/nick/dev_ws/src/robot_projects_simulator/src/simObject.cpp:[m[K In member function ‘[01m[Kvoid SimObject::publishTransform()[m[K’:
[01m[K/home/nick/dev_ws/src/robot_projects_simulator/src/simObject.cpp:38:34:[m[K [01;31m[Kerror: [m[K‘[01m[Kclass ControlAffineSystem[m[K’ has no member named ‘[01m[KgetTransform[m[K’
   38 |     tfBase.transform = dynamics->[01;31m[KgetTransform[m[K();
      |                                  [01;31m[K^~~~~~~~~~~~[m[K
In file included from [01m[K/home/nick/dev_ws/src/robot_projects_simulator/include/ipublisher.h:6[m[K,
                 from [01m[K/home/nick/dev_ws/src/robot_projects_simulator/include/simObject.h:4[m[K,
                 from [01m[K/home/nick/dev_ws/src/robot_projects_simulator/src/executables/simple_sim.cpp:2[m[K:
[01m[K/home/nick/dev_ws/src/robot_projects_simulator/include/systems/controlAffineSystem.h:31:13:[m[K [01;31m[Kerror: [m[K‘[01m[Kgeometry_msgs[m[K’ does not name a type
   31 |     virtual [01;31m[Kgeometry_msgs[m[K::msg::Transform getTransform() = 0;
      |             [01;31m[K^~~~~~~~~~~~~[m[K
In file included from [01m[K/usr/include/c++/9/memory:80[m[K,
                 from [01m[K/opt/ros/foxy/include/rclcpp/rclcpp.hpp:144[m[K,
                 from [01m[K/home/nick/dev_ws/src/robot_projects_simulator/include/simulation.h:4[m[K,
                 from [01m[K/home/nick/dev_ws/src/robot_projects_simulator/src/simulation.cpp:1[m[K:
/usr/include/c++/9/bits/unique_ptr.h: In instantiation of ‘[01m[Ktypename std::_MakeUniq<_Tp>::__single_object std::make_unique(_Args&& ...) [with _Tp = SimObject; _Args = {SimObjectConfiguration&, IPublisher*&, ControlAffineSystem*&, rclcpp::Duration&}; typename std::_MakeUniq<_Tp>::__single_object = std::unique_ptr<SimObject>][m[K’:
[01m[K/home/nick/dev_ws/src/robot_projects_simulator/src/simulation.cpp:17:97:[m[K   required from here
[01m[K/usr/include/c++/9/bits/unique_ptr.h:857:30:[m[K [01;31m[Kerror: [m[Kno matching function for call to ‘[01m[KSimObject::SimObject(SimObjectConfiguration&, IPublisher*&, ControlAffineSystem*&, rclcpp::Duration&)[m[K’
  857 |     { return unique_ptr<_Tp>([01;31m[Knew _Tp(std::forward<_Args>(__args)...)[m[K); }
      |                              [01;31m[K^~~~~~~~~~~~~~~~~~~~~~~~~~~~~~~~~~~~~~~[m[K
In file included from [01m[K/home/nick/dev_ws/src/robot_projects_simulator/include/simulation.h:7[m[K,
                 from [01m[K/home/nick/dev_ws/src/robot_projects_simulator/src/simulation.cpp:1[m[K:
[01m[K/home/nick/dev_ws/src/robot_projects_simulator/include/simObject.h:46:5:[m[K [01;36m[Knote: [m[Kcandidate: ‘[01m[KSimObject::SimObject(SimObjectConfiguration, IPublisher*, ControlAffineSystem*)[m[K’
   46 |     [01;36m[KSimObject[m[K(SimObjectConfiguration, IPublisher *, ControlAffineSystem *);
      |     [01;36m[K^~~~~~~~~[m[K
[01m[K/home/nick/dev_ws/src/robot_projects_simulator/include/simObject.h:46:5:[m[K [01;36m[Knote: [m[K  candidate expects 3 arguments, 4 provided
[01m[K/home/nick/dev_ws/src/robot_projects_simulator/include/simObject.h:45:5:[m[K [01;36m[Knote: [m[Kcandidate: ‘[01m[KSimObject::SimObject(std::string, IPublisher*, ControlAffineSystem*, rclcpp::Duration)[m[K’
   45 |     [01;36m[KSimObject[m[K(string name, IPublisher *, ControlAffineSystem *, Duration);
      |     [01;36m[K^~~~~~~~~[m[K
[01m[K/home/nick/dev_ws/src/robot_projects_simulator/include/simObject.h:45:22:[m[K [01;36m[Knote: [m[K  no known conversion for argument 1 from ‘[01m[KSimObjectConfiguration[m[K’ to ‘[01m[Kstd::string[m[K’ {aka ‘[01m[Kstd::__cxx11::basic_string<char>[m[K’}
   45 |     SimObject([01;36m[Kstring name[m[K, IPublisher *, ControlAffineSystem *, Duration);
      |               [01;36m[K~~~~~~~^~~~[m[K
[01m[K/home/nick/dev_ws/src/robot_projects_simulator/include/simObject.h:26:7:[m[K [01;36m[Knote: [m[Kcandidate: ‘[01m[KSimObject::SimObject(const SimObject&)[m[K’
   26 | class [01;36m[KSimObject[m[K {
      |       [01;36m[K^~~~~~~~~[m[K
[01m[K/home/nick/dev_ws/src/robot_projects_simulator/include/simObject.h:26:7:[m[K [01;36m[Knote: [m[K  candidate expects 1 argument, 4 provided
[01m[K/home/nick/dev_ws/src/robot_projects_simulator/include/simObject.h:26:7:[m[K [01;36m[Knote: [m[Kcandidate: ‘[01m[KSimObject::SimObject(SimObject&&)[m[K’
[01m[K/home/nick/dev_ws/src/robot_projects_simulator/include/simObject.h:26:7:[m[K [01;36m[Knote: [m[K  candidate expects 1 argument, 4 provided
In file included from [01m[K/usr/include/x86_64-linux-gnu/c++/9/bits/c++allocator.h:33[m[K,
                 from [01m[K/usr/include/c++/9/bits/allocator.h:46[m[K,
                 from [01m[K/usr/include/c++/9/memory:63[m[K,
                 from [01m[K/opt/ros/foxy/include/rclcpp/rclcpp.hpp:144[m[K,
                 from [01m[K/home/nick/dev_ws/src/robot_projects_simulator/include/simulation.h:4[m[K,
                 from [01m[K/home/nick/dev_ws/src/robot_projects_simulator/src/simulation.cpp:1[m[K:
/usr/include/c++/9/ext/new_allocator.h: In instantiation of ‘[01m[Kvoid __gnu_cxx::new_allocator<_Tp>::construct(_Up*, _Args&& ...) [with _Up = std::unique_ptr<SimObject>; _Args = {const std::unique_ptr<SimObject, std::default_delete<SimObject> >&}; _Tp = std::unique_ptr<SimObject>][m[K’:
[01m[K/usr/include/c++/9/bits/alloc_traits.h:482:2:[m[K   required from ‘[01m[Kstatic void std::allocator_traits<std::allocator<_Tp1> >::construct(std::allocator_traits<std::allocator<_Tp1> >::allocator_type&, _Up*, _Args&& ...) [with _Up = std::unique_ptr<SimObject>; _Args = {const std::unique_ptr<SimObject, std::default_delete<SimObject> >&}; _Tp = std::unique_ptr<SimObject>; std::allocator_traits<std::allocator<_Tp1> >::allocator_type = std::allocator<std::unique_ptr<SimObject> >][m[K’
[01m[K/usr/include/c++/9/bits/stl_vector.h:1189:30:[m[K   required from ‘[01m[Kvoid std::vector<_Tp, _Alloc>::push_back(const value_type&) [with _Tp = std::unique_ptr<SimObject>; _Alloc = std::allocator<std::unique_ptr<SimObject> >; std::vector<_Tp, _Alloc>::value_type = std::unique_ptr<SimObject>][m[K’
[01m[K/home/nick/dev_ws/src/robot_projects_simulator/src/simulation.cpp:20:29:[m[K   required from here
[01m[K/usr/include/c++/9/ext/new_allocator.h:145:20:[m[K [01;31m[Kerror: [m[Kuse of deleted function ‘[01m[Kstd::unique_ptr<_Tp, _Dp>::unique_ptr(const std::unique_ptr<_Tp, _Dp>&) [with _Tp = SimObject; _Dp = std::default_delete<SimObject>][m[K’
  145 |  noexcept(noexcept([01;31m[K::new((void *)__p)[m[K
      |                    [01;31m[K^~~~~~~~~~~~~~~~~~[m[K
  146 | [01;31m[K       _Up(std::forward<_Args>(__args)...)[m[K))
      |        [01;31m[K~~~~~~~~~~~~~~~~~~~~~~~~~~~~~~~~~~~[m[K
In file included from [01m[K/usr/include/c++/9/memory:80[m[K,
                 from [01m[K/opt/ros/foxy/include/rclcpp/rclcpp.hpp:144[m[K,
                 from [01m[K/home/nick/dev_ws/src/robot_projects_simulator/include/simulation.h:4[m[K,
                 from [01m[K/home/nick/dev_ws/src/robot_projects_simulator/src/simulation.cpp:1[m[K:
[01m[K/usr/include/c++/9/bits/unique_ptr.h:414:7:[m[K [01;36m[Knote: [m[Kdeclared here
  414 |       [01;36m[Kunique_ptr[m[K(const unique_ptr&) = delete;
      |       [01;36m[K^~~~~~~~~~[m[K
In file included from [01m[K/home/nick/dev_ws/src/robot_projects_simulator/src/executables/simple_sim.cpp:4[m[K:
[01m[K/home/nick/dev_ws/src/robot_projects_simulator/include/systems/simpleSE2.h:10:35:[m[K [01;31m[Kerror: [m[K‘[01m[Kgeometry_msgs::msg::Transform SimpleSE2::getTransform()[m[K’ marked ‘[01m[Koverride[m[K’, but does not override
   10 |     geometry_msgs::msg::Transform [01;31m[KgetTransform[m[K() override;
      |                                   [01;31m[K^~~~~~~~~~~~[m[K
[01m[K/home/nick/dev_ws/src/robot_projects_simulator/src/executables/simple_sim.cpp:[m[K In function ‘[01m[Kint main(int, char**)[m[K’:
[01m[K/home/nick/dev_ws/src/robot_projects_simulator/src/executables/simple_sim.cpp:31:8:[m[K [01;31m[Kerror: [m[K‘[01m[Kclass SimObjectConfiguration[m[K’ has no member named ‘[01m[Kframe_id[m[K’; did you mean ‘[01m[KframeId[m[K’?
   31 |   conf.[01;31m[Kframe_id[m[K = "base_link";
      |        [01;31m[K^~~~~~~~[m[K
      |        [32m[KframeId[m[K
[01m[K/home/nick/dev_ws/src/robot_projects_simulator/src/executables/simple_sim.cpp:37:18:[m[K [01;31m[Kerror: [m[Kcannot convert ‘[01m[Kconst char [11][m[K’ to ‘[01m[KSimObjectConfiguration[m[K’
   37 |   sim->addObject([01;31m[K"diff_drive"[m[K, &dyn, &viz);
      |                  [01;31m[K^~~~~~~~~~~~[m[K
      |                  [01;31m[K|[m[K
      |                  [01;31m[Kconst char [11][m[K
In file included from [01m[K/home/nick/dev_ws/src/robot_projects_simulator/src/executables/simple_sim.cpp:5[m[K:
[01m[K/home/nick/dev_ws/src/robot_projects_simulator/include/simulation.h:31:43:[m[K [01;36m[Knote: [m[K  initializing argument 1 of ‘[01m[Kvoid Simulation::addObject(SimObjectConfiguration, ControlAffineSystem*, IPublisher*)[m[K’
   31 |     void addObject([01;36m[KSimObjectConfiguration conf[m[K, ControlAffineSystem * sys, IPublisher * viz);
      |                    [01;36m[K~~~~~~~~~~~~~~~~~~~~~~~^~~~[m[K
In file included from [01m[K/usr/include/x86_64-linux-gnu/c++/9/bits/c++allocator.h:33[m[K,
                 from [01m[K/usr/include/c++/9/bits/allocator.h:46[m[K,
                 from [01m[K/usr/include/c++/9/memory:63[m[K,
                 from [01m[K/opt/ros/foxy/include/rclcpp/rclcpp.hpp:144[m[K,
                 from [01m[K/home/nick/dev_ws/src/robot_projects_simulator/include/ipublisher.h:4[m[K,
                 from [01m[K/home/nick/dev_ws/src/robot_projects_simulator/include/simObject.h:4[m[K,
                 from [01m[K/home/nick/dev_ws/src/robot_projects_simulator/src/simObject.cpp:1[m[K:
/usr/include/c++/9/ext/new_allocator.h: In instantiation of ‘[01m[Kvoid __gnu_cxx::new_allocator<_Tp>::construct(_Up*, _Args&& ...) [with _Up = tf2_ros::TransformListener; _Args = {std::shared_ptr<tf2_ros::Buffer>&}; _Tp = tf2_ros::TransformListener][m[K’:
[01m[K/usr/include/c++/9/bits/alloc_traits.h:482:2:[m[K   required from ‘[01m[Kstatic void std::allocator_traits<std::allocator<_Tp1> >::construct(std::allocator_traits<std::allocator<_Tp1> >::allocator_type&, _Up*, _Args&& ...) [with _Up = tf2_ros::TransformListener; _Args = {std::shared_ptr<tf2_ros::Buffer>&}; _Tp = tf2_ros::TransformListener; std::allocator_traits<std::allocator<_Tp1> >::allocator_type = std::allocator<tf2_ros::TransformListener>][m[K’
[01m[K/usr/include/c++/9/bits/shared_ptr_base.h:548:39:[m[K   required from ‘[01m[Kstd::_Sp_counted_ptr_inplace<_Tp, _Alloc, _Lp>::_Sp_counted_ptr_inplace(_Alloc, _Args&& ...) [with _Args = {std::shared_ptr<tf2_ros::Buffer>&}; _Tp = tf2_ros::TransformListener; _Alloc = std::allocator<tf2_ros::TransformListener>; __gnu_cxx::_Lock_policy _Lp = __gnu_cxx::_S_atomic][m[K’
[01m[K/usr/include/c++/9/bits/shared_ptr_base.h:679:16:[m[K   required from ‘[01m[Kstd::__shared_count<_Lp>::__shared_count(_Tp*&, std::_Sp_alloc_shared_tag<_Alloc>, _Args&& ...) [with _Tp = tf2_ros::TransformListener; _Alloc = std::allocator<tf2_ros::TransformListener>; _Args = {std::shared_ptr<tf2_ros::Buffer>&}; __gnu_cxx::_Lock_policy _Lp = __gnu_cxx::_S_atomic][m[K’
[01m[K/usr/include/c++/9/bits/shared_ptr_base.h:1344:71:[m[K   required from ‘[01m[Kstd::__shared_ptr<_Tp, _Lp>::__shared_ptr(std::_Sp_alloc_shared_tag<_Tp>, _Args&& ...) [with _Alloc = std::allocator<tf2_ros::TransformListener>; _Args = {std::shared_ptr<tf2_ros::Buffer>&}; _Tp = tf2_ros::TransformListener; __gnu_cxx::_Lock_policy _Lp = __gnu_cxx::_S_atomic][m[K’
[01m[K/usr/include/c++/9/bits/shared_ptr.h:359:59:[m[K   required from ‘[01m[Kstd::shared_ptr<_Tp>::shared_ptr(std::_Sp_alloc_shared_tag<_Tp>, _Args&& ...) [with _Alloc = std::allocator<tf2_ros::TransformListener>; _Args = {std::shared_ptr<tf2_ros::Buffer>&}; _Tp = tf2_ros::TransformListener][m[K’
[01m[K/usr/include/c++/9/bits/shared_ptr.h:701:14:[m[K   required from ‘[01m[Kstd::shared_ptr<_Tp> std::allocate_shared(const _Alloc&, _Args&& ...) [with _Tp = tf2_ros::TransformListener; _Alloc = std::allocator<tf2_ros::TransformListener>; _Args = {std::shared_ptr<tf2_ros::Buffer>&}][m[K’
[01m[K/usr/include/c++/9/bits/shared_ptr.h:717:39:[m[K   required from ‘[01m[Kstd::shared_ptr<_Tp> std::make_shared(_Args&& ...) [with _Tp = tf2_ros::TransformListener; _Args = {std::shared_ptr<tf2_ros::Buffer>&}][m[K’
[01m[K/home/nick/dev_ws/src/robot_projects_simulator/src/simObject.cpp:66:66:[m[K   required from here
[01m[K/usr/include/c++/9/ext/new_allocator.h:145:20:[m[K [01;31m[Kerror: [m[Kno matching function for call to ‘[01m[Ktf2_ros::TransformListener::TransformListener(std::shared_ptr<tf2_ros::Buffer>&)[m[K’
  145 |  noexcept(noexcept([01;31m[K::new((void *)__p)[m[K
      |                    [01;31m[K^~~~~~~~~~~~~~~~~~[m[K
  146 | [01;31m[K       _Up(std::forward<_Args>(__args)...)[m[K))
      |        [01;31m[K~~~~~~~~~~~~~~~~~~~~~~~~~~~~~~~~~~~[m[K
In file included from [01m[K/home/nick/dev_ws/src/robot_projects_simulator/include/simObject.h:9[m[K,
                 from [01m[K/home/nick/dev_ws/src/robot_projects_simulator/src/simObject.cpp:1[m[K:
[01m[K/opt/ros/foxy/include/tf2_ros/transform_listener.h:58:3:[m[K [01;36m[Knote: [m[Kcandidate: ‘[01m[Ktemplate<class NodeT, class AllocatorT> tf2_ros::TransformListener::TransformListener(tf2::BufferCore&, NodeT&&, bool, const rclcpp::QoS&, const rclcpp::QoS&, const rclcpp::SubscriptionOptionsWithAllocator<AllocatorT>&)[m[K’
   58 |   [01;36m[KTransformListener[m[K(
      |   [01;36m[K^~~~~~~~~~~~~~~~~[m[K
[01m[K/opt/ros/foxy/include/tf2_ros/transform_listener.h:58:3:[m[K [01;36m[Knote: [m[K  template argument deduction/substitution failed:
In file included from [01m[K/usr/include/x86_64-linux-gnu/c++/9/bits/c++allocator.h:33[m[K,
                 from [01m[K/usr/include/c++/9/bits/allocator.h:46[m[K,
                 from [01m[K/usr/include/c++/9/memory:63[m[K,
                 from [01m[K/opt/ros/foxy/include/rclcpp/rclcpp.hpp:144[m[K,
                 from [01m[K/home/nick/dev_ws/src/robot_projects_simulator/include/ipublisher.h:4[m[K,
                 from [01m[K/home/nick/dev_ws/src/robot_projects_simulator/include/simObject.h:4[m[K,
                 from [01m[K/home/nick/dev_ws/src/robot_projects_simulator/src/simObject.cpp:1[m[K:
[01m[K/usr/include/c++/9/ext/new_allocator.h:145:20:[m[K [01;36m[Knote: [m[K  candidate expects 6 arguments, 1 provided
  145 |  noexcept(noexcept([01;36m[K::new((void *)__p)[m[K
      |                    [01;36m[K^~~~~~~~~~~~~~~~~~[m[K
  146 | [01;36m[K       _Up(std::forward<_Args>(__args)...)[m[K))
      |        [01;36m[K~~~~~~~~~~~~~~~~~~~~~~~~~~~~~~~~~~~[m[K
In file included from [01m[K/home/nick/dev_ws/src/robot_projects_simulator/include/simObject.h:9[m[K,
                 from [01m[K/home/nick/dev_ws/src/robot_projects_simulator/src/simObject.cpp:1[m[K:
[01m[K/opt/ros/foxy/include/tf2_ros/transform_listener.h:55:12:[m[K [01;36m[Knote: [m[Kcandidate: ‘[01m[Ktf2_ros::TransformListener::TransformListener(tf2::BufferCore&, bool)[m[K’
   55 |   explicit [01;36m[KTransformListener[m[K(tf2::BufferCore & buffer, bool spin_thread = true);
      |            [01;36m[K^~~~~~~~~~~~~~~~~[m[K
[01m[K/opt/ros/foxy/include/tf2_ros/transform_listener.h:55:48:[m[K [01;36m[Knote: [m[K  no known conversion for argument 1 from ‘[01m[Kstd::shared_ptr<tf2_ros::Buffer>[m[K’ to ‘[01m[Ktf2::BufferCore&[m[K’
   55 |   explicit TransformListener([01;36m[Ktf2::BufferCore & buffer[m[K, bool spin_thread = true);
      |                              [01;36m[K~~~~~~~~~~~~~~~~~~^~~~~~[m[K
In file included from [01m[K/opt/ros/foxy/include/rclcpp/create_publisher.hpp:21[m[K,
                 from [01m[K/opt/ros/foxy/include/rclcpp/node_impl.hpp:39[m[K,
                 from [01m[K/opt/ros/foxy/include/rclcpp/node.hpp:1221[m[K,
                 from [01m[K/opt/ros/foxy/include/rclcpp/executors/single_threaded_executor.hpp:28[m[K,
                 from [01m[K/opt/ros/foxy/include/rclcpp/executors.hpp:22[m[K,
                 from [01m[K/opt/ros/foxy/include/rclcpp/rclcpp.hpp:146[m[K,
                 from [01m[K/home/nick/dev_ws/src/robot_projects_simulator/include/ipublisher.h:4[m[K,
                 from [01m[K/home/nick/dev_ws/src/robot_projects_simulator/include/simObject.h:4[m[K,
                 from [01m[K/home/nick/dev_ws/src/robot_projects_simulator/src/simObject.cpp:1[m[K:
/opt/ros/foxy/include/rclcpp/node_interfaces/get_node_topics_interface.hpp: In instantiation of ‘[01m[Kstd::shared_ptr<rclcpp::node_interfaces::NodeTopicsInterface> rclcpp::node_interfaces::get_node_topics_interface(NodeType&&) [with NodeType = std::shared_ptr<tf2_ros::Buffer>&; typename std::enable_if<rcpputils::is_pointer<T>::value, int>::type <anonymous> = 0][m[K’:
[01m[K/opt/ros/foxy/include/rclcpp/create_publisher.hpp:54:47:[m[K   required from ‘[01m[Kstd::shared_ptr<PublisherT> rclcpp::create_publisher(NodeT&, const string&, const rclcpp::QoS&, const rclcpp::PublisherOptionsWithAllocator<AllocatorT>&) [with MessageT = tf2_msgs::msg::TFMessage_<std::allocator<void> >; AllocatorT = std::allocator<void>; PublisherT = rclcpp::Publisher<tf2_msgs::msg::TFMessage_<std::allocator<void> > >; NodeT = std::shared_ptr<tf2_ros::Buffer>; std::string = std::__cxx11::basic_string<char>][m[K’
[01m[K/opt/ros/foxy/include/tf2_ros/transform_broadcaster.h:59:68:[m[K   required from ‘[01m[Ktf2_ros::TransformBroadcaster::TransformBroadcaster(NodeT&&, const rclcpp::QoS&, const rclcpp::PublisherOptionsWithAllocator<AllocatorT>&) [with NodeT = std::shared_ptr<tf2_ros::Buffer>&; AllocatorT = std::allocator<void>][m[K’
[01m[K/usr/include/c++/9/ext/new_allocator.h:147:4:[m[K   required from ‘[01m[Kvoid __gnu_cxx::new_allocator<_Tp>::construct(_Up*, _Args&& ...) [with _Up = tf2_ros::TransformBroadcaster; _Args = {std::shared_ptr<tf2_ros::Buffer>&}; _Tp = tf2_ros::TransformBroadcaster][m[K’
[01m[K/usr/include/c++/9/bits/alloc_traits.h:484:4:[m[K   required from ‘[01m[Kstatic void std::allocator_traits<std::allocator<_Tp1> >::construct(std::allocator_traits<std::allocator<_Tp1> >::allocator_type&, _Up*, _Args&& ...) [with _Up = tf2_ros::TransformBroadcaster; _Args = {std::shared_ptr<tf2_ros::Buffer>&}; _Tp = tf2_ros::TransformBroadcaster; std::allocator_traits<std::allocator<_Tp1> >::allocator_type = std::allocator<tf2_ros::TransformBroadcaster>][m[K’
[01m[K/usr/include/c++/9/bits/shared_ptr_base.h:548:39:[m[K   required from ‘[01m[Kstd::_Sp_counted_ptr_inplace<_Tp, _Alloc, _Lp>::_Sp_counted_ptr_inplace(_Alloc, _Args&& ...) [with _Args = {std::shared_ptr<tf2_ros::Buffer>&}; _Tp = tf2_ros::TransformBroadcaster; _Alloc = std::allocator<tf2_ros::TransformBroadcaster>; __gnu_cxx::_Lock_policy _Lp = __gnu_cxx::_S_atomic][m[K’
[01m[K/usr/include/c++/9/bits/shared_ptr_base.h:679:16:[m[K   required from ‘[01m[Kstd::__shared_count<_Lp>::__shared_count(_Tp*&, std::_Sp_alloc_shared_tag<_Alloc>, _Args&& ...) [with _Tp = tf2_ros::TransformBroadcaster; _Alloc = std::allocator<tf2_ros::TransformBroadcaster>; _Args = {std::shared_ptr<tf2_ros::Buffer>&}; __gnu_cxx::_Lock_policy _Lp = __gnu_cxx::_S_atomic][m[K’
[01m[K/usr/include/c++/9/bits/shared_ptr_base.h:1344:71:[m[K   required from ‘[01m[Kstd::__shared_ptr<_Tp, _Lp>::__shared_ptr(std::_Sp_alloc_shared_tag<_Tp>, _Args&& ...) [with _Alloc = std::allocator<tf2_ros::TransformBroadcaster>; _Args = {std::shared_ptr<tf2_ros::Buffer>&}; _Tp = tf2_ros::TransformBroadcaster; __gnu_cxx::_Lock_policy _Lp = __gnu_cxx::_S_atomic][m[K’
[01m[K/usr/include/c++/9/bits/shared_ptr.h:359:59:[m[K   required from ‘[01m[Kstd::shared_ptr<_Tp>::shared_ptr(std::_Sp_alloc_shared_tag<_Tp>, _Args&& ...) [with _Alloc = std::allocator<tf2_ros::TransformBroadcaster>; _Args = {std::shared_ptr<tf2_ros::Buffer>&}; _Tp = tf2_ros::TransformBroadcaster][m[K’
[01m[K/usr/include/c++/9/bits/shared_ptr.h:701:14:[m[K   required from ‘[01m[Kstd::shared_ptr<_Tp> std::allocate_shared(const _Alloc&, _Args&& ...) [with _Tp = tf2_ros::TransformBroadcaster; _Alloc = std::allocator<tf2_ros::TransformBroadcaster>; _Args = {std::shared_ptr<tf2_ros::Buffer>&}][m[K’
[01m[K/usr/include/c++/9/bits/shared_ptr.h:717:39:[m[K   required from ‘[01m[Kstd::shared_ptr<_Tp> std::make_shared(_Args&& ...) [with _Tp = tf2_ros::TransformBroadcaster; _Args = {std::shared_ptr<tf2_ros::Buffer>&}][m[K’
[01m[K/home/nick/dev_ws/src/robot_projects_simulator/src/simObject.cpp:67:70:[m[K   required from here
[01m[K/opt/ros/foxy/include/rclcpp/node_interfaces/get_node_topics_interface.hpp:75:56:[m[K [01;31m[Kerror: [m[Kno matching function for call to ‘[01m[Kget_node_topics_interface_from_pointer(std::shared_ptr<tf2_ros::Buffer>&)[m[K’
   75 |   return [01;31m[Kdetail::get_node_topics_interface_from_pointer(node)[m[K;
      |          [01;31m[K~~~~~~~~~~~~~~~~~~~~~~~~~~~~~~~~~~~~~~~~~~~~~~^~~~~~[m[K
[01m[K/opt/ros/foxy/include/rclcpp/node_interfaces/get_node_topics_interface.hpp:53:1:[m[K [01;36m[Knote: [m[Kcandidate: ‘[01m[Ktemplate<class NodeType, typename std::enable_if<rclcpp::node_interfaces::has_node_topics_interface<typename rcpputils::remove_pointer<T>::type>::value, int>::type <anonymous> > std::shared_ptr<rclcpp::node_interfaces::NodeTopicsInterface> rclcpp::node_interfaces::detail::get_node_topics_interface_from_pointer(NodeType)[m[K’
   53 | [01;36m[Kget_node_topics_interface_from_pointer[m[K(NodeType node_pointer)
      | [01;36m[K^~~~~~~~~~~~~~~~~~~~~~~~~~~~~~~~~~~~~~[m[K
[01m[K/opt/ros/foxy/include/rclcpp/node_interfaces/get_node_topics_interface.hpp:53:1:[m[K [01;36m[Knote: [m[K  template argument deduction/substitution failed:
[01m[K/opt/ros/foxy/include/rclcpp/node_interfaces/get_node_topics_interface.hpp:50:26:[m[K [01;31m[Kerror: [m[Kno type named ‘[01m[Ktype[m[K’ in ‘[01m[Kstruct std::enable_if<false, int>[m[K’
   50 |   >::value, int>::type = [01;31m[K0[m[K
      |                          [01;31m[K^[m[K
make[2]: *** [CMakeFiles/robot_projects_simulator.dir/build.make:102: CMakeFiles/robot_projects_simulator.dir/src/simulation.cpp.o] Error 1
make[2]: *** [CMakeFiles/robot_projects_simulator.dir/build.make:63: CMakeFiles/robot_projects_simulator.dir/src/executables/simple_sim.cpp.o] Error 1
make[2]: *** [CMakeFiles/robot_projects_simulator.dir/build.make:89: CMakeFiles/robot_projects_simulator.dir/src/simObject.cpp.o] Error 1
make[1]: *** [CMakeFiles/Makefile2:107: CMakeFiles/robot_projects_simulator.dir/all] Error 2
make: *** [Makefile:141: all] Error 2
