[0.058s] Invoking command in '/home/nick/dev_ws/src/build/robot_projects_simulator': CMAKE_PREFIX_PATH=${CMAKE_PREFIX_PATH}:/opt/ros/foxy /usr/bin/cmake --build /home/nick/dev_ws/src/build/robot_projects_simulator -- -j4 -l4
[0.207s] [35m[1mScanning dependencies of target robot_projects_simulator[0m
[0.319s] [ 10%] [32mBuilding CXX object CMakeFiles/robot_projects_simulator.dir/src/simObject.cpp.o[0m
[0.794s] In file included from [01m[K/usr/include/c++/9/backward/strstream:50[m[K,
[0.794s]                  from [01m[K/home/nick/dev_ws/src/robot_projects_simulator/src/simObject.cpp:3[m[K:
[0.794s] [01m[K/usr/include/c++/9/backward/backward_warning.h:32:2:[m[K [01;35m[Kwarning: [m[K#warning This file includes at least one deprecated or antiquated header which may be removed without further notice at a future date. Please use a non-deprecated interface with equivalent functionality instead. For a listing of replacement headers and interfaces, consult the file backward_warning.h. To disable this warning use -Wno-deprecated. [[01;35m[K-Wcpp[m[K]
[0.795s]    32 | #[01;35m[Kwarning[m[K \
[0.795s]       |  [01;35m[K^~~~~~~[m[K
[12.940s] [ 20%] [32m[1mLinking CXX shared library librobot_projects_simulator.so[0m
[13.944s] [ 80%] Built target robot_projects_simulator
[14.007s] [ 90%] [32m[1mLinking CXX executable simple_sim[0m
[14.482s] [100%] Built target simple_sim
[14.510s] Invoked command in '/home/nick/dev_ws/src/build/robot_projects_simulator' returned '0': CMAKE_PREFIX_PATH=${CMAKE_PREFIX_PATH}:/opt/ros/foxy /usr/bin/cmake --build /home/nick/dev_ws/src/build/robot_projects_simulator -- -j4 -l4
[14.637s] Invoking command in '/home/nick/dev_ws/src/build/robot_projects_simulator': CMAKE_PREFIX_PATH=${CMAKE_PREFIX_PATH}:/opt/ros/foxy /usr/bin/cmake --install /home/nick/dev_ws/src/build/robot_projects_simulator
[14.651s] -- Install configuration: ""
[14.652s] -- Installing: /home/nick/dev_ws/src/install/robot_projects_simulator/lib/librobot_projects_simulator.so
[14.662s] -- Set runtime path of "/home/nick/dev_ws/src/install/robot_projects_simulator/lib/librobot_projects_simulator.so" to ""
[14.663s] -- Installing: /home/nick/dev_ws/src/install/robot_projects_simulator/lib/robot_projects_simulator/simple_sim
[14.666s] -- Set runtime path of "/home/nick/dev_ws/src/install/robot_projects_simulator/lib/robot_projects_simulator/simple_sim" to ""
[14.666s] -- Up-to-date: /home/nick/dev_ws/src/install/robot_projects_simulator/share/ament_index/resource_index/package_run_dependencies/robot_projects_simulator
[14.666s] -- Up-to-date: /home/nick/dev_ws/src/install/robot_projects_simulator/share/ament_index/resource_index/parent_prefix_path/robot_projects_simulator
[14.667s] -- Up-to-date: /home/nick/dev_ws/src/install/robot_projects_simulator/share/robot_projects_simulator/environment/ament_prefix_path.sh
[14.667s] -- Up-to-date: /home/nick/dev_ws/src/install/robot_projects_simulator/share/robot_projects_simulator/environment/ament_prefix_path.dsv
[14.667s] -- Up-to-date: /home/nick/dev_ws/src/install/robot_projects_simulator/share/robot_projects_simulator/environment/path.sh
[14.667s] -- Up-to-date: /home/nick/dev_ws/src/install/robot_projects_simulator/share/robot_projects_simulator/environment/path.dsv
[14.668s] -- Up-to-date: /home/nick/dev_ws/src/install/robot_projects_simulator/share/robot_projects_simulator/local_setup.bash
[14.668s] -- Up-to-date: /home/nick/dev_ws/src/install/robot_projects_simulator/share/robot_projects_simulator/local_setup.sh
[14.668s] -- Up-to-date: /home/nick/dev_ws/src/install/robot_projects_simulator/share/robot_projects_simulator/local_setup.zsh
[14.668s] -- Up-to-date: /home/nick/dev_ws/src/install/robot_projects_simulator/share/robot_projects_simulator/local_setup.dsv
[14.668s] -- Installing: /home/nick/dev_ws/src/install/robot_projects_simulator/share/robot_projects_simulator/package.dsv
[14.669s] -- Up-to-date: /home/nick/dev_ws/src/install/robot_projects_simulator/share/ament_index/resource_index/packages/robot_projects_simulator
[14.669s] -- Up-to-date: /home/nick/dev_ws/src/install/robot_projects_simulator/share/robot_projects_simulator/cmake/ament_cmake_export_dependencies-extras.cmake
[14.669s] -- Up-to-date: /home/nick/dev_ws/src/install/robot_projects_simulator/share/robot_projects_simulator/cmake/robot_projects_simulatorConfig.cmake
[14.669s] -- Up-to-date: /home/nick/dev_ws/src/install/robot_projects_simulator/share/robot_projects_simulator/cmake/robot_projects_simulatorConfig-version.cmake
[14.669s] -- Up-to-date: /home/nick/dev_ws/src/install/robot_projects_simulator/share/robot_projects_simulator/package.xml
[14.672s] Invoked command in '/home/nick/dev_ws/src/build/robot_projects_simulator' returned '0': CMAKE_PREFIX_PATH=${CMAKE_PREFIX_PATH}:/opt/ros/foxy /usr/bin/cmake --install /home/nick/dev_ws/src/build/robot_projects_simulator
