[ 80%] Built target robot_projects_simulator
[100%] Built target simple_sim
-- Install configuration: ""
-- Up-to-date: /home/nick/dev_ws/src/install/robot_projects_simulator/lib/librobot_projects_simulator.so
-- Up-to-date: /home/nick/dev_ws/src/install/robot_projects_simulator/lib/robot_projects_simulator/simple_sim
-- Up-to-date: /home/nick/dev_ws/src/install/robot_projects_simulator/share/ament_index/resource_index/package_run_dependencies/robot_projects_simulator
-- Up-to-date: /home/nick/dev_ws/src/install/robot_projects_simulator/share/ament_index/resource_index/parent_prefix_path/robot_projects_simulator
-- Up-to-date: /home/nick/dev_ws/src/install/robot_projects_simulator/share/robot_projects_simulator/environment/ament_prefix_path.sh
-- Up-to-date: /home/nick/dev_ws/src/install/robot_projects_simulator/share/robot_projects_simulator/environment/ament_prefix_path.dsv
-- Up-to-date: /home/nick/dev_ws/src/install/robot_projects_simulator/share/robot_projects_simulator/environment/path.sh
-- Up-to-date: /home/nick/dev_ws/src/install/robot_projects_simulator/share/robot_projects_simulator/environment/path.dsv
-- Up-to-date: /home/nick/dev_ws/src/install/robot_projects_simulator/share/robot_projects_simulator/local_setup.bash
-- Up-to-date: /home/nick/dev_ws/src/install/robot_projects_simulator/share/robot_projects_simulator/local_setup.sh
-- Up-to-date: /home/nick/dev_ws/src/install/robot_projects_simulator/share/robot_projects_simulator/local_setup.zsh
-- Up-to-date: /home/nick/dev_ws/src/install/robot_projects_simulator/share/robot_projects_simulator/local_setup.dsv
-- Installing: /home/nick/dev_ws/src/install/robot_projects_simulator/share/robot_projects_simulator/package.dsv
-- Up-to-date: /home/nick/dev_ws/src/install/robot_projects_simulator/share/ament_index/resource_index/packages/robot_projects_simulator
-- Up-to-date: /home/nick/dev_ws/src/install/robot_projects_simulator/share/robot_projects_simulator/cmake/ament_cmake_export_dependencies-extras.cmake
-- Up-to-date: /home/nick/dev_ws/src/install/robot_projects_simulator/share/robot_projects_simulator/cmake/robot_projects_simulatorConfig.cmake
-- Up-to-date: /home/nick/dev_ws/src/install/robot_projects_simulator/share/robot_projects_simulator/cmake/robot_projects_simulatorConfig-version.cmake
-- Up-to-date: /home/nick/dev_ws/src/install/robot_projects_simulator/share/robot_projects_simulator/package.xml
