[0.052s] Invoking command in '/home/nick/dev_ws/src/build/robot_projects_simulator': CMAKE_PREFIX_PATH=${CMAKE_PREFIX_PATH}:/opt/ros/foxy /usr/bin/cmake --build /home/nick/dev_ws/src/build/robot_projects_simulator -- -j4 -l4
[0.206s] [ 80%] Built target robot_projects_simulator
[0.274s] [100%] Built target simple_sim
[0.303s] Invoked command in '/home/nick/dev_ws/src/build/robot_projects_simulator' returned '0': CMAKE_PREFIX_PATH=${CMAKE_PREFIX_PATH}:/opt/ros/foxy /usr/bin/cmake --build /home/nick/dev_ws/src/build/robot_projects_simulator -- -j4 -l4
[0.402s] Invoking command in '/home/nick/dev_ws/src/build/robot_projects_simulator': CMAKE_PREFIX_PATH=${CMAKE_PREFIX_PATH}:/opt/ros/foxy /usr/bin/cmake --install /home/nick/dev_ws/src/build/robot_projects_simulator
[0.425s] -- Install configuration: ""
[0.425s] -- Up-to-date: /home/nick/dev_ws/src/install/robot_projects_simulator/lib/librobot_projects_simulator.so
[0.425s] -- Up-to-date: /home/nick/dev_ws/src/install/robot_projects_simulator/lib/robot_projects_simulator/simple_sim
[0.425s] -- Up-to-date: /home/nick/dev_ws/src/install/robot_projects_simulator/share/ament_index/resource_index/package_run_dependencies/robot_projects_simulator
[0.426s] -- Up-to-date: /home/nick/dev_ws/src/install/robot_projects_simulator/share/ament_index/resource_index/parent_prefix_path/robot_projects_simulator
[0.426s] -- Up-to-date: /home/nick/dev_ws/src/install/robot_projects_simulator/share/robot_projects_simulator/environment/ament_prefix_path.sh
[0.426s] -- Up-to-date: /home/nick/dev_ws/src/install/robot_projects_simulator/share/robot_projects_simulator/environment/ament_prefix_path.dsv
[0.426s] -- Up-to-date: /home/nick/dev_ws/src/install/robot_projects_simulator/share/robot_projects_simulator/environment/path.sh
[0.427s] -- Up-to-date: /home/nick/dev_ws/src/install/robot_projects_simulator/share/robot_projects_simulator/environment/path.dsv
[0.427s] -- Up-to-date: /home/nick/dev_ws/src/install/robot_projects_simulator/share/robot_projects_simulator/local_setup.bash
[0.427s] -- Up-to-date: /home/nick/dev_ws/src/install/robot_projects_simulator/share/robot_projects_simulator/local_setup.sh
[0.427s] -- Up-to-date: /home/nick/dev_ws/src/install/robot_projects_simulator/share/robot_projects_simulator/local_setup.zsh
[0.427s] -- Up-to-date: /home/nick/dev_ws/src/install/robot_projects_simulator/share/robot_projects_simulator/local_setup.dsv
[0.427s] -- Installing: /home/nick/dev_ws/src/install/robot_projects_simulator/share/robot_projects_simulator/package.dsv
[0.427s] -- Up-to-date: /home/nick/dev_ws/src/install/robot_projects_simulator/share/ament_index/resource_index/packages/robot_projects_simulator
[0.428s] -- Up-to-date: /home/nick/dev_ws/src/install/robot_projects_simulator/share/robot_projects_simulator/cmake/ament_cmake_export_dependencies-extras.cmake
[0.428s] -- Up-to-date: /home/nick/dev_ws/src/install/robot_projects_simulator/share/robot_projects_simulator/cmake/robot_projects_simulatorConfig.cmake
[0.428s] -- Up-to-date: /home/nick/dev_ws/src/install/robot_projects_simulator/share/robot_projects_simulator/cmake/robot_projects_simulatorConfig-version.cmake
[0.428s] -- Up-to-date: /home/nick/dev_ws/src/install/robot_projects_simulator/share/robot_projects_simulator/package.xml
[0.430s] Invoked command in '/home/nick/dev_ws/src/build/robot_projects_simulator' returned '0': CMAKE_PREFIX_PATH=${CMAKE_PREFIX_PATH}:/opt/ros/foxy /usr/bin/cmake --install /home/nick/dev_ws/src/build/robot_projects_simulator
